#
# There is insufficient memory for the Java Runtime Environment to continue.
# Native memory allocation (malloc) failed to allocate 1132576 bytes for Chunk::new
# Possible reasons:
#   The system is out of physical RAM or swap space
#   In 32 bit mode, the process size limit was hit
# Possible solutions:
#   Reduce memory load on the system
#   Increase physical memory or swap space
#   Check if swap backing store is full
#   Use 64 bit Java on a 64 bit OS
#   Decrease Java heap size (-Xmx/-Xms)
#   Decrease number of Java threads
#   Decrease Java thread stack sizes (-Xss)
#   Set larger code cache with -XX:ReservedCodeCacheSize=
# This output file may be truncated or incomplete.
#
#  Out of Memory Error (allocation.cpp:390), pid=6712, tid=0x00000000000006a0
#
# JRE version: OpenJDK Runtime Environment (8.0_152-b01) (build 1.8.0_152-release-915-b01)
# Java VM: OpenJDK 64-Bit Server VM (25.152-b01 mixed mode windows-amd64 compressed oops)
# Failed to write core dump. Minidumps are not enabled by default on client versions of Windows
#

---------------  T H R E A D  ---------------

Current thread (0x00000000184a6000):  JavaThread "C2 CompilerThread1" daemon [_thread_in_native, id=1696, stack(0x0000000019c10000,0x0000000019d10000)]

Stack: [0x0000000019c10000,0x0000000019d10000]
[error occurred during error reporting (printing stack bounds), id 0xc0000005]

Native frames: (J=compiled Java code, j=interpreted, Vv=VM code, C=native code)


Current CompileTask:
C2: 959409 11027       4       java.net.URLClassLoader$1::run (5 bytes)


---------------  P R O C E S S  ---------------

Java Threads: ( => current thread )
  0x000000001b62b000 JavaThread "Cache worker for Java compile cache (D:\ASHu\Work\Progs\Andorid\Project\CrossFit_Rekord\.gradle\4.1\javaCompile)" [_thread_blocked, id=9988, stack(0x0000000028020000,0x0000000028120000)]
  0x000000001b629800 JavaThread "Task worker for ':' Thread 3" [_thread_blocked, id=11944, stack(0x0000000026520000,0x0000000026620000)]
  0x000000001d9d3000 JavaThread "Task worker for ':' Thread 2" [_thread_in_Java, id=9524, stack(0x0000000026420000,0x0000000026520000)]
  0x000000001d9cf800 JavaThread "Task worker for ':'" [_thread_blocked, id=15240, stack(0x0000000026320000,0x0000000026420000)]
  0x000000001d9d2000 JavaThread "Cache worker for task history cache (D:\ASHu\Work\Progs\Andorid\Project\CrossFit_Rekord\.gradle\4.1\taskHistory)" [_thread_blocked, id=9864, stack(0x0000000026220000,0x0000000026320000)]
  0x000000001d9cf000 JavaThread "Cache worker for file content cache (D:\ASHu\Work\Progs\Andorid\Project\CrossFit_Rekord\.gradle\4.1\fileContent)" [_thread_blocked, id=12600, stack(0x0000000026120000,0x0000000026220000)]
  0x000000001d9d5000 JavaThread "build operations Thread 4" [_thread_blocked, id=1836, stack(0x0000000026020000,0x0000000026120000)]
  0x000000001d9d4800 JavaThread "build operations Thread 3" [_thread_blocked, id=7424, stack(0x0000000025f20000,0x0000000026020000)]
  0x000000001d9d1000 JavaThread "build operations Thread 2" [_thread_blocked, id=15156, stack(0x0000000025e20000,0x0000000025f20000)]
  0x000000001d9d3800 JavaThread "build operations" [_thread_blocked, id=10316, stack(0x0000000025d20000,0x0000000025e20000)]
  0x000000001d9d6000 JavaThread "Cache worker for Artifact transforms cache (C:\Users\Liza\.gradle\caches\transforms-1)" [_thread_blocked, id=9152, stack(0x0000000025c20000,0x0000000025d20000)]
  0x000000001d9d0800 JavaThread "Cache worker for file hash cache (D:\ASHu\Work\Progs\Andorid\Project\CrossFit_Rekord\.gradle\4.1\fileHashes)" [_thread_blocked, id=5820, stack(0x0000000025b20000,0x0000000025c20000)]
  0x000000001e552800 JavaThread "Stdin handler" [_thread_blocked, id=15924, stack(0x0000000025a20000,0x0000000025b20000)]
  0x000000001e551000 JavaThread "Asynchronous log dispatcher for DefaultDaemonConnection: socket connection from /127.0.0.1:62732 to /127.0.0.1:62964" [_thread_blocked, id=12120, stack(0x0000000025920000,0x0000000025a20000)]
  0x000000001e553000 JavaThread "Daemon worker Thread 2" [_thread_blocked, id=11808, stack(0x0000000025820000,0x0000000025920000)]
  0x000000001e550000 JavaThread "Cancel handler" [_thread_blocked, id=10060, stack(0x0000000025720000,0x0000000025820000)]
  0x000000001e554800 JavaThread "Handler for socket connection from /127.0.0.1:62732 to /127.0.0.1:62964" [_thread_in_native, id=2624, stack(0x0000000025620000,0x0000000025720000)]
  0x000000001e54f800 JavaThread "Daemon Thread 2" [_thread_blocked, id=11012, stack(0x0000000025520000,0x0000000025620000)]
  0x000000001e54e800 JavaThread "Memory manager" [_thread_blocked, id=13636, stack(0x0000000023ce0000,0x0000000023de0000)]
  0x000000001b87c800 JavaThread "File lock request listener" [_thread_in_native, id=8308, stack(0x000000001d020000,0x000000001d120000)]
  0x000000001b7fb800 JavaThread "Cache worker for file hash cache (C:\Users\Liza\.gradle\caches\4.1\fileHashes)" [_thread_blocked, id=5696, stack(0x000000001cf20000,0x000000001d020000)]
  0x000000001b177800 JavaThread "Daemon periodic checks" [_thread_blocked, id=1628, stack(0x000000001c620000,0x000000001c720000)]
  0x000000001b17d000 JavaThread "Incoming local TCP Connector on port 62732" [_thread_in_native, id=6344, stack(0x000000001c120000,0x000000001c220000)]
  0x0000000019e31800 JavaThread "Service Thread" daemon [_thread_blocked, id=4548, stack(0x000000001a210000,0x000000001a310000)]
  0x00000000184ad000 JavaThread "C1 CompilerThread2" daemon [_thread_in_native, id=11844, stack(0x0000000019d10000,0x0000000019e10000)]
=>0x00000000184a6000 JavaThread "C2 CompilerThread1" daemon [_thread_in_native, id=1696, stack(0x0000000019c10000,0x0000000019d10000)]
  0x00000000184a4000 JavaThread "C2 CompilerThread0" daemon [_thread_in_native, id=11308, stack(0x0000000019b10000,0x0000000019c10000)]
  0x00000000184a2000 JavaThread "Attach Listener" daemon [_thread_blocked, id=5608, stack(0x0000000019a10000,0x0000000019b10000)]
  0x00000000184a1000 JavaThread "Signal Dispatcher" daemon [_thread_blocked, id=14328, stack(0x0000000019910000,0x0000000019a10000)]
  0x000000001848e000 JavaThread "Finalizer" daemon [_thread_blocked, id=6704, stack(0x0000000019710000,0x0000000019810000)]
  0x0000000004a47000 JavaThread "Reference Handler" daemon [_thread_blocked, id=7112, stack(0x0000000019610000,0x0000000019710000)]
  0x0000000004b2e800 JavaThread "main" [_thread_blocked, id=14376, stack(0x00000000047c0000,0x00000000048c0000)]

Other Threads:
  0x0000000018466000 VMThread [stack: 0x0000000019510000,0x0000000019610000] [id=3884]
  0x0000000019e3e800 WatcherThread [stack: 0x000000001a310000,0x000000001a410000] [id=12280]

VM state:not at safepoint (normal execution)

VM Mutex/Monitor currently owned by a thread: None

Heap:
 PSYoungGen      total 174080K, used 34397K [0x00000000e0000000, 0x00000000ee500000, 0x0000000100000000)
  eden space 151552K, 7% used [0x00000000e0000000,0x00000000e0b9a740,0x00000000e9400000)
  from space 22528K, 99% used [0x00000000e9400000,0x00000000ea9fce20,0x00000000eaa00000)
  to   space 27136K, 0% used [0x00000000eca80000,0x00000000eca80000,0x00000000ee500000)
 ParOldGen       total 143872K, used 37972K [0x00000000a0000000, 0x00000000a8c80000, 0x00000000e0000000)
  object space 143872K, 26% used [0x00000000a0000000,0x00000000a25153f8,0x00000000a8c80000)
 Metaspace       used 66105K, capacity 68532K, committed 68756K, reserved 1110016K
  class space    used 8580K, capacity 9121K, committed 9148K, reserved 1048576K

Card table byte_map: [0x0000000013ef0000,0x0000000014200000] byte_map_base: 0x00000000139f0000

Marking Bits: (ParMarkBitMap*) 0x000000006d6a3950
 Begin Bits: [0x0000000014800000, 0x0000000016000000)
 End Bits:   [0x0000000016000000, 0x0000000017800000)

Polling page: 0x0000000002b50000

CodeCache: size=245760Kb used=31203Kb max_used=31203Kb free=214556Kb
 bounds [0x0000000004b30000, 0x00000000069d0000, 0x0000000013b30000]
 total_blobs=10281 nmethods=9478 adapters=715
 compilation: enabled

Compilation events (10 events):
Event: 959.272 Thread 0x00000000184ad000 nmethod 11327 0x00000000069b65d0 code [0x00000000069b6980, 0x00000000069b8d18]
Event: 959.272 Thread 0x00000000184ad000 11328       3       com.sun.tools.javac.code.Flags::isEnum (19 bytes)
Event: 959.272 Thread 0x00000000184ad000 nmethod 11328 0x00000000069b9e10 code [0x00000000069b9f80, 0x00000000069ba1e8]
Event: 959.275 Thread 0x00000000184ad000 11329       3       com.sun.tools.javac.util.Warner::clear (20 bytes)
Event: 959.275 Thread 0x00000000184ad000 nmethod 11329 0x00000000069ba290 code [0x00000000069ba400, 0x00000000069ba6f8]
Event: 959.276 Thread 0x00000000184ad000 11330       3       com.sun.tools.javac.tree.JCTree$JCBlock::getTag (4 bytes)
Event: 959.276 Thread 0x00000000184ad000 nmethod 11330 0x00000000069ba810 code [0x00000000069ba960, 0x00000000069baab0]
Event: 959.276 Thread 0x00000000184ad000 11332       3       com.sun.tools.javac.code.Types::closure (153 bytes)
Event: 959.278 Thread 0x00000000184ad000 nmethod 11332 0x00000000069bab50 code [0x00000000069baea0, 0x00000000069bcbd8]
Event: 959.278 Thread 0x00000000184ad000 11334   !   3       com.sun.tools.javac.comp.DeferredAttr$DeferredAttrContext::complete (310 bytes)

GC Heap History (10 events):
Event: 18.347 GC heap before
{Heap before GC invocations=16 (full 2):
 PSYoungGen      total 108032K, used 108013K [0x00000000e0000000, 0x00000000e9500000, 0x0000000100000000)
  eden space 94208K, 100% used [0x00000000e0000000,0x00000000e5c00000,0x00000000e5c00000)
  from space 13824K, 99% used [0x00000000e5c00000,0x00000000e697b4f0,0x00000000e6980000)
  to   space 17408K, 0% used [0x00000000e8400000,0x00000000e8400000,0x00000000e9500000)
 ParOldGen       total 104960K, used 21412K [0x00000000a0000000, 0x00000000a6680000, 0x00000000e0000000)
  object space 104960K, 20% used [0x00000000a0000000,0x00000000a14e9370,0x00000000a6680000)
 Metaspace       used 55191K, capacity 57052K, committed 57304K, reserved 1099776K
  class space    used 7451K, capacity 7893K, committed 7936K, reserved 1048576K
Event: 18.377 GC heap after
Heap after GC invocations=16 (full 2):
 PSYoungGen      total 132096K, used 17405K [0x00000000e0000000, 0x00000000e9a00000, 0x0000000100000000)
  eden space 114688K, 0% used [0x00000000e0000000,0x00000000e0000000,0x00000000e7000000)
  from space 17408K, 99% used [0x00000000e8400000,0x00000000e94ff4f0,0x00000000e9500000)
  to   space 20480K, 0% used [0x00000000e7000000,0x00000000e7000000,0x00000000e8400000)
 ParOldGen       total 104960K, used 23531K [0x00000000a0000000, 0x00000000a6680000, 0x00000000e0000000)
  object space 104960K, 22% used [0x00000000a0000000,0x00000000a16faf18,0x00000000a6680000)
 Metaspace       used 55191K, capacity 57052K, committed 57304K, reserved 1099776K
  class space    used 7451K, capacity 7893K, committed 7936K, reserved 1048576K
}
Event: 18.816 GC heap before
{Heap before GC invocations=17 (full 2):
 PSYoungGen      total 132096K, used 30869K [0x00000000e0000000, 0x00000000e9a00000, 0x0000000100000000)
  eden space 114688K, 11% used [0x00000000e0000000,0x00000000e0d262d0,0x00000000e7000000)
  from space 17408K, 99% used [0x00000000e8400000,0x00000000e94ff4f0,0x00000000e9500000)
  to   space 20480K, 0% used [0x00000000e7000000,0x00000000e7000000,0x00000000e8400000)
 ParOldGen       total 104960K, used 23531K [0x00000000a0000000, 0x00000000a6680000, 0x00000000e0000000)
  object space 104960K, 22% used [0x00000000a0000000,0x00000000a16faf18,0x00000000a6680000)
 Metaspace       used 56866K, capacity 58956K, committed 59028K, reserved 1099776K
  class space    used 7611K, capacity 8079K, committed 8124K, reserved 1048576K
Event: 18.858 GC heap after
Heap after GC invocations=17 (full 2):
 PSYoungGen      total 135168K, used 19609K [0x00000000e0000000, 0x00000000ec880000, 0x0000000100000000)
  eden space 114688K, 0% used [0x00000000e0000000,0x00000000e0000000,0x00000000e7000000)
  from space 20480K, 95% used [0x00000000e7000000,0x00000000e8326658,0x00000000e8400000)
  to   space 23040K, 0% used [0x00000000eb200000,0x00000000eb200000,0x00000000ec880000)
 ParOldGen       total 104960K, used 23539K [0x00000000a0000000, 0x00000000a6680000, 0x00000000e0000000)
  object space 104960K, 22% used [0x00000000a0000000,0x00000000a16fcf18,0x00000000a6680000)
 Metaspace       used 56866K, capacity 58956K, committed 59028K, reserved 1099776K
  class space    used 7611K, capacity 8079K, committed 8124K, reserved 1048576K
}
Event: 18.858 GC heap before
{Heap before GC invocations=18 (full 3):
 PSYoungGen      total 135168K, used 19609K [0x00000000e0000000, 0x00000000ec880000, 0x0000000100000000)
  eden space 114688K, 0% used [0x00000000e0000000,0x00000000e0000000,0x00000000e7000000)
  from space 20480K, 95% used [0x00000000e7000000,0x00000000e8326658,0x00000000e8400000)
  to   space 23040K, 0% used [0x00000000eb200000,0x00000000eb200000,0x00000000ec880000)
 ParOldGen       total 104960K, used 23539K [0x00000000a0000000, 0x00000000a6680000, 0x00000000e0000000)
  object space 104960K, 22% used [0x00000000a0000000,0x00000000a16fcf18,0x00000000a6680000)
 Metaspace       used 56866K, capacity 58956K, committed 59028K, reserved 1099776K
  class space    used 7611K, capacity 8079K, committed 8124K, reserved 1048576K
Event: 19.129 GC heap after
Heap after GC invocations=18 (full 3):
 PSYoungGen      total 135168K, used 0K [0x00000000e0000000, 0x00000000ec880000, 0x0000000100000000)
  eden space 114688K, 0% used [0x00000000e0000000,0x00000000e0000000,0x00000000e7000000)
  from space 20480K, 0% used [0x00000000e7000000,0x00000000e7000000,0x00000000e8400000)
  to   space 23040K, 0% used [0x00000000eb200000,0x00000000eb200000,0x00000000ec880000)
 ParOldGen       total 143872K, used 33407K [0x00000000a0000000, 0x00000000a8c80000, 0x00000000e0000000)
  object space 143872K, 23% used [0x00000000a0000000,0x00000000a209ff98,0x00000000a8c80000)
 Metaspace       used 56866K, capacity 58956K, committed 59028K, reserved 1099776K
  class space    used 7611K, capacity 8079K, committed 8124K, reserved 1048576K
}
Event: 949.935 GC heap before
{Heap before GC invocations=19 (full 3):
 PSYoungGen      total 135168K, used 114688K [0x00000000e0000000, 0x00000000ec880000, 0x0000000100000000)
  eden space 114688K, 100% used [0x00000000e0000000,0x00000000e7000000,0x00000000e7000000)
  from space 20480K, 0% used [0x00000000e7000000,0x00000000e7000000,0x00000000e8400000)
  to   space 23040K, 0% used [0x00000000eb200000,0x00000000eb200000,0x00000000ec880000)
 ParOldGen       total 143872K, used 33407K [0x00000000a0000000, 0x00000000a8c80000, 0x00000000e0000000)
  object space 143872K, 23% used [0x00000000a0000000,0x00000000a209ff98,0x00000000a8c80000)
 Metaspace       used 59443K, capacity 61714K, committed 61844K, reserved 1103872K
  class space    used 7804K, capacity 8346K, committed 8380K, reserved 1048576K
Event: 949.956 GC heap after
Heap after GC invocations=19 (full 3):
 PSYoungGen      total 165888K, used 8819K [0x00000000e0000000, 0x00000000ec000000, 0x0000000100000000)
  eden space 151552K, 0% used [0x00000000e0000000,0x00000000e0000000,0x00000000e9400000)
  from space 14336K, 61% used [0x00000000eb200000,0x00000000eba9cc58,0x00000000ec000000)
  to   space 22528K, 0% used [0x00000000e9400000,0x00000000e9400000,0x00000000eaa00000)
 ParOldGen       total 143872K, used 33415K [0x00000000a0000000, 0x00000000a8c80000, 0x00000000e0000000)
  object space 143872K, 23% used [0x00000000a0000000,0x00000000a20a1f98,0x00000000a8c80000)
 Metaspace       used 59443K, capacity 61714K, committed 61844K, reserved 1103872K
  class space    used 7804K, capacity 8346K, committed 8380K, reserved 1048576K
}
Event: 958.856 GC heap before
{Heap before GC invocations=20 (full 3):
 PSYoungGen      total 165888K, used 160371K [0x00000000e0000000, 0x00000000ec000000, 0x0000000100000000)
  eden space 151552K, 100% used [0x00000000e0000000,0x00000000e9400000,0x00000000e9400000)
  from space 14336K, 61% used [0x00000000eb200000,0x00000000eba9cc58,0x00000000ec000000)
  to   space 22528K, 0% used [0x00000000e9400000,0x00000000e9400000,0x00000000eaa00000)
 ParOldGen       total 143872K, used 33415K [0x00000000a0000000, 0x00000000a8c80000, 0x00000000e0000000)
  object space 143872K, 23% used [0x00000000a0000000,0x00000000a20a1f98,0x00000000a8c80000)
 Metaspace       used 65235K, capacity 67700K, committed 67988K, reserved 1107968K
  class space    used 8493K, capacity 9057K, committed 9148K, reserved 1048576K
Event: 958.883 GC heap after
Heap after GC invocations=20 (full 3):
 PSYoungGen      total 174080K, used 22515K [0x00000000e0000000, 0x00000000ee500000, 0x0000000100000000)
  eden space 151552K, 0% used [0x00000000e0000000,0x00000000e0000000,0x00000000e9400000)
  from space 22528K, 99% used [0x00000000e9400000,0x00000000ea9fce20,0x00000000eaa00000)
  to   space 27136K, 0% used [0x00000000eca80000,0x00000000eca80000,0x00000000ee500000)
 ParOldGen       total 143872K, used 37972K [0x00000000a0000000, 0x00000000a8c80000, 0x00000000e0000000)
  object space 143872K, 26% used [0x00000000a0000000,0x00000000a25153f8,0x00000000a8c80000)
 Metaspace       used 65235K, capacity 67700K, committed 67988K, reserved 1107968K
  class space    used 8493K, capacity 9057K, committed 9148K, reserved 1048576K
}

Deoptimization events (10 events):
Event: 958.985 Thread 0x000000001d9d3000 Uncommon trap: reason=bimorphic action=maybe_recompile pc=0x00000000068eadd0 method=com.sun.tools.javac.code.Scope.lookup(Lcom/sun/tools/javac/util/Name;Lcom/sun/tools/javac/util/Filter;)Lcom/sun/tools/javac/code/Scope$Entry; @ 49
Event: 958.985 Thread 0x000000001d9d3000 Uncommon trap: reason=bimorphic action=maybe_recompile pc=0x00000000068eadd0 method=com.sun.tools.javac.code.Scope.lookup(Lcom/sun/tools/javac/util/Name;Lcom/sun/tools/javac/util/Filter;)Lcom/sun/tools/javac/code/Scope$Entry; @ 49
Event: 958.986 Thread 0x000000001d9d3000 Uncommon trap: reason=unstable_if action=reinterpret pc=0x0000000006918300 method=com.sun.tools.javac.comp.Check.checkType(Lcom/sun/tools/javac/util/JCDiagnostic$DiagnosticPosition;Lcom/sun/tools/javac/code/Type;Lcom/sun/tools/javac/code/Type;Lcom/sun/too
Event: 958.996 Thread 0x000000001d9d3000 Uncommon trap: reason=class_check action=maybe_recompile pc=0x00000000068f5c58 method=com.sun.tools.javac.code.Type.containsAny(Lcom/sun/tools/javac/util/List;)Z @ 6
Event: 959.001 Thread 0x000000001d9d3000 Uncommon trap: reason=class_check action=maybe_recompile pc=0x00000000068f5c58 method=com.sun.tools.javac.code.Type.containsAny(Lcom/sun/tools/javac/util/List;)Z @ 6
Event: 959.004 Thread 0x000000001d9d3000 Uncommon trap: reason=class_check action=maybe_recompile pc=0x00000000068f5c58 method=com.sun.tools.javac.code.Type.containsAny(Lcom/sun/tools/javac/util/List;)Z @ 6
Event: 959.005 Thread 0x000000001d9d3000 Uncommon trap: reason=class_check action=maybe_recompile pc=0x00000000068f5c58 method=com.sun.tools.javac.code.Type.containsAny(Lcom/sun/tools/javac/util/List;)Z @ 6
Event: 959.012 Thread 0x000000001d9d3000 Uncommon trap: reason=unstable_if action=reinterpret pc=0x00000000068f9e90 method=com.sun.tools.javac.comp.MemberEnter.initEnv(Lcom/sun/tools/javac/tree/JCTree$JCVariableDecl;Lcom/sun/tools/javac/comp/Env;)Lcom/sun/tools/javac/comp/Env; @ 34
Event: 959.029 Thread 0x000000001d9d3000 Uncommon trap: reason=unstable_if action=reinterpret pc=0x00000000068fc938 method=com.sun.tools.javac.code.Scope.dble()V @ 44
Event: 959.102 Thread 0x000000001d9d3000 Uncommon trap: reason=unstable_if action=reinterpret pc=0x0000000006816ad8 method=com.sun.tools.javac.util.ListBuffer.append(Ljava/lang/Object;)Lcom/sun/tools/javac/util/ListBuffer; @ 9

Classes redefined (0 events):
No events

Internal exceptions (10 events):
Event: 948.146 Thread 0x000000001e553000 Exception <a 'java/lang/ClassNotFoundException': sync_local_repo1080_3ub5atptddmns3758cakihdovCustomizer> (0x00000000e194ba88) thrown at [D:\src\AOSP-openjdk-cygwin\jdk8u\hotspot\src\share\vm\classfile\systemDictionary.cpp, line 210]
Event: 948.852 Thread 0x000000001e553000 Implicit null exception at 0x0000000005fcb6ed to 0x0000000005fcbdc1
Event: 949.844 Thread 0x000000001d9d3000 Implicit null exception at 0x000000000549bade to 0x000000000549bc61
Event: 949.897 Thread 0x000000001d9d3000 Implicit null exception at 0x0000000005d6c5fc to 0x0000000005d6c81d
Event: 950.696 Thread 0x000000001d9d3000 Implicit null exception at 0x0000000006639817 to 0x0000000006639b41
Event: 951.141 Thread 0x000000001b627000 Exception <a 'java/lang/NoSuchMethodError': java.lang.Object.lambda$negate$1(Ljava/lang/Object;)Z> (0x00000000e2e5e258) thrown at [D:\src\AOSP-openjdk-cygwin\jdk8u\hotspot\src\share\vm\interpreter\linkResolver.cpp, line 584]
Event: 956.838 Thread 0x000000001e553000 Exception <a 'java/lang/NoSuchMethodError': java.lang.Object.lambda$comparingInt$7b0bb60$1(Ljava/util/function/ToIntFunction;Ljava/lang/Object;Ljava/lang/Object;)I> (0x00000000e3104c20) thrown at [D:\src\AOSP-openjdk-cygwin\jdk8u\hotspot\src\share\vm\inte
Event: 957.200 Thread 0x000000001e553000 Exception <a 'java/lang/IncompatibleClassChangeError': Found class java.lang.Object, but interface was expected> (0x00000000e3d0e310) thrown at [D:\src\AOSP-openjdk-cygwin\jdk8u\hotspot\src\share\vm\interpreter\linkResolver.cpp, line 643]
Event: 957.824 Thread 0x000000001d9d3000 Implicit null exception at 0x000000000603be0b to 0x000000000603e31d
Event: 958.890 Thread 0x000000001d9d3000 Implicit null exception at 0x00000000067fdf34 to 0x00000000067fe605

Events (10 events):
Event: 959.108 loading class com/sun/tools/javac/jvm/ClassWriter$1
Event: 959.108 loading class com/sun/tools/javac/jvm/ClassWriter$1 done
Event: 959.109 loading class com/sun/tools/javac/code/Attribute$RetentionPolicy
Event: 959.109 loading class com/sun/tools/javac/code/Attribute$RetentionPolicy done
Event: 959.111 loading class com/sun/tools/javac/jvm/ClassFile$NameAndType
Event: 959.111 loading class com/sun/tools/javac/jvm/ClassFile$NameAndType done
Event: 959.197 loading class com/sun/tools/javac/comp/Check$2
Event: 959.197 loading class com/sun/tools/javac/comp/Check$2 done
Event: 959.264 Executing VM operation: ForceSafepoint
Event: 959.264 Executing VM operation: ForceSafepoint done


Dynamic libraries:
0x00007ff713870000 - 0x00007ff7138a1000 	C:\Program Files\Android\Android Studio\jre\bin\java.exe
0x00007ffed4a60000 - 0x00007ffed4c40000 	C:\WINDOWS\SYSTEM32\ntdll.dll
0x00007ffed25a0000 - 0x00007ffed264e000 	C:\WINDOWS\System32\KERNEL32.DLL
0x00007ffed1980000 - 0x00007ffed1be6000 	C:\WINDOWS\System32\KERNELBASE.dll
0x00007ffed3cf0000 - 0x00007ffed3d91000 	C:\WINDOWS\System32\ADVAPI32.dll
0x00007ffed20a0000 - 0x00007ffed213d000 	C:\WINDOWS\System32\msvcrt.dll
0x00007ffed2040000 - 0x00007ffed209b000 	C:\WINDOWS\System32\sechost.dll
0x00007ffed2450000 - 0x00007ffed256f000 	C:\WINDOWS\System32\RPCRT4.dll
0x00007ffed3a90000 - 0x00007ffed3c1f000 	C:\WINDOWS\System32\USER32.dll
0x00007ffed1de0000 - 0x00007ffed1e00000 	C:\WINDOWS\System32\win32u.dll
0x00007ffed2570000 - 0x00007ffed2598000 	C:\WINDOWS\System32\GDI32.dll
0x00007ffed1bf0000 - 0x00007ffed1d83000 	C:\WINDOWS\System32\gdi32full.dll
0x00007ffed15b0000 - 0x00007ffed164b000 	C:\WINDOWS\System32\msvcp_win.dll
0x00007ffed1880000 - 0x00007ffed1976000 	C:\WINDOWS\System32\ucrtbase.dll
0x00007ffec4210000 - 0x00007ffec4479000 	C:\WINDOWS\WinSxS\amd64_microsoft.windows.common-controls_6595b64144ccf1df_6.0.16299.125_none_15cbcf8893620c09\COMCTL32.dll
0x00007ffed40f0000 - 0x00007ffed43f8000 	C:\WINDOWS\System32\combase.dll
0x00007ffed1e00000 - 0x00007ffed1e72000 	C:\WINDOWS\System32\bcryptPrimitives.dll
0x00007ffed3e40000 - 0x00007ffed3e6d000 	C:\WINDOWS\System32\IMM32.DLL
0x000000006ce00000 - 0x000000006ced2000 	C:\Program Files\Android\Android Studio\jre\jre\bin\msvcr100.dll
0x000000006cee0000 - 0x000000006d71e000 	C:\Program Files\Android\Android Studio\jre\jre\bin\server\jvm.dll
0x00007ffed3f50000 - 0x00007ffed3f58000 	C:\WINDOWS\System32\PSAPI.DLL
0x00007ffec2aa0000 - 0x00007ffec2ac3000 	C:\WINDOWS\SYSTEM32\WINMM.dll
0x00007ffecbb60000 - 0x00007ffecbb6a000 	C:\WINDOWS\SYSTEM32\VERSION.dll
0x00007ffec40a0000 - 0x00007ffec40a9000 	C:\WINDOWS\SYSTEM32\WSOCK32.dll
0x00007ffec2930000 - 0x00007ffec295a000 	C:\WINDOWS\SYSTEM32\WINMMBASE.dll
0x00007ffed1d90000 - 0x00007ffed1dda000 	C:\WINDOWS\System32\cfgmgr32.dll
0x00007ffed3c80000 - 0x00007ffed3cec000 	C:\WINDOWS\System32\WS2_32.dll
0x00007ffecdd60000 - 0x00007ffecdd6f000 	C:\Program Files\Android\Android Studio\jre\jre\bin\verify.dll
0x00007ffec67f0000 - 0x00007ffec6819000 	C:\Program Files\Android\Android Studio\jre\jre\bin\java.dll
0x00007ffecdd40000 - 0x00007ffecdd56000 	C:\Program Files\Android\Android Studio\jre\jre\bin\zip.dll
0x00007ffed2650000 - 0x00007ffed3a86000 	C:\WINDOWS\System32\SHELL32.dll
0x00007ffed4040000 - 0x00007ffed40e6000 	C:\WINDOWS\System32\shcore.dll
0x00007ffed0e60000 - 0x00007ffed15a7000 	C:\WINDOWS\System32\windows.storage.dll
0x00007ffed3ef0000 - 0x00007ffed3f41000 	C:\WINDOWS\System32\shlwapi.dll
0x00007ffed0e40000 - 0x00007ffed0e51000 	C:\WINDOWS\System32\kernel.appcore.dll
0x00007ffed0dd0000 - 0x00007ffed0e1c000 	C:\WINDOWS\System32\powrprof.dll
0x00007ffed0db0000 - 0x00007ffed0dcb000 	C:\WINDOWS\System32\profapi.dll
0x00007ffecdcf0000 - 0x00007ffecdd0a000 	C:\Program Files\Android\Android Studio\jre\jre\bin\net.dll
0x00007ffed05e0000 - 0x00007ffed0646000 	C:\WINDOWS\system32\mswsock.dll
0x00007ffecac40000 - 0x00007ffecac51000 	C:\Program Files\Android\Android Studio\jre\jre\bin\nio.dll
0x00007ffec6790000 - 0x00007ffec67ae000 	C:\Users\Liza\.gradle\native\25\windows-amd64\native-platform.dll
0x00007ffecc630000 - 0x00007ffecc63d000 	C:\Program Files\Android\Android Studio\jre\jre\bin\management.dll
0x00007ffed07a0000 - 0x00007ffed07b7000 	C:\WINDOWS\SYSTEM32\CRYPTSP.dll
0x00007ffed01f0000 - 0x00007ffed0223000 	C:\WINDOWS\system32\rsaenh.dll
0x00007ffed08b0000 - 0x00007ffed08d5000 	C:\WINDOWS\SYSTEM32\bcrypt.dll
0x00007ffed0ce0000 - 0x00007ffed0d09000 	C:\WINDOWS\SYSTEM32\USERENV.dll
0x00007ffed07c0000 - 0x00007ffed07cb000 	C:\WINDOWS\SYSTEM32\CRYPTBASE.dll
0x00007ffed0370000 - 0x00007ffed03a9000 	C:\WINDOWS\SYSTEM32\IPHLPAPI.DLL
0x00007ffed4030000 - 0x00007ffed4038000 	C:\WINDOWS\System32\NSI.dll
0x00007ffecbe70000 - 0x00007ffecbe86000 	C:\WINDOWS\SYSTEM32\dhcpcsvc6.DLL
0x00007ffecbd80000 - 0x00007ffecbd9a000 	C:\WINDOWS\SYSTEM32\dhcpcsvc.DLL

VM Arguments:
jvm_args: -Xmx1536m -Dfile.encoding=windows-1251 -Duser.country=RU -Duser.language=ru -Duser.variant 
java_command: org.gradle.launcher.daemon.bootstrap.GradleDaemon 4.1
java_class_path (initial): C:\Users\Liza\.gradle\wrapper\dists\gradle-4.1-all\bzyivzo6n839fup2jbap0tjew\gradle-4.1\lib\gradle-launcher-4.1.jar
Launcher Type: SUN_STANDARD

Environment Variables:
PATH=C:\ProgramData\Oracle\Java\javapath;C:\Program Files (x86)\NVIDIA Corporation\PhysX\Common;C:\Program Files (x86)\VNI\imsl\fnl600\Intel64\lib;C:\Program files\MPICH2\bin;C:\Program Files (x86)\VNI\imsl\fnl600\IA32\lib;C:\Program Files (x86)\Intel\Compiler\11.1\060\lib\Intel64;C:\Program Files (x86)\Intel\Compiler\11.1\060\mkl\em64t\bin;C:\Program Files (x86)\Intel\Compiler\11.1\060\lib\ia32;C:\Program Files (x86)\Intel\iCLS Client\;C:\Program Files\Intel\iCLS Client\;C:\WINDOWS\system32;C:\WINDOWS;C:\WINDOWS\System32\Wbem;C:\WINDOWS\System32\WindowsPowerShell\v1.0\;C:\Program Files (x86)\Intel\OpenCL SDK\2.0\bin\x86;C:\Program Files (x86)\Intel\OpenCL SDK\2.0\bin\x64;C:\Program Files\Intel\Intel(R) Management Engine Components\DAL;C:\Program Files\Intel\Intel(R) Management Engine Components\IPT;C:\Program Files (x86)\Intel\Intel(R) Management Engine Components\DAL;C:\Program Files (x86)\Intel\Intel(R) Management Engine Components\IPT;C:\Program Files\Intel\WiFi\bin\;C:\Program Files\Common Files\Intel\WirelessCommon\;C:\Program Files\MATLAB\R2012b\runtime\win64;C:\Program Files\MATLAB\R2012b\bin;C:\Program Files (x86)\GtkSharp\2.12\bin;C:\Program Files (x86)\Skype\Phone\;C:\Program Files\Git\cmd;C:\Program Files\TortoiseGit\bin;C:\Program Files\PuTTY\;C:\Users\Liza\AppData\Local\Programs\LLNL\VisIt 2.2.2;H;À;C:\Users\Liza\AppData\Local\Microsoft\WindowsApps;
USERNAME=Liza
OS=Windows_NT
PROCESSOR_IDENTIFIER=Intel64 Family 6 Model 58 Stepping 9, GenuineIntel



---------------  S Y S T E M  ---------------

OS: Windows 10.0 , 64 bit Build 16299 (10.0.16299.15)

CPU:total 4 (initial active 4) (2 cores per cpu, 2 threads per core) family 6 model 58 stepping 9, cmov, cx8, fxsr, mmx, sse, sse2, sse3, ssse3, sse4.1, sse4.2, popcnt, avx, aes, clmul, erms, ht, tsc, tscinvbit, tscinv

Memory: 4k page, physical 8240660k(995736k free), swap 10337812k(3048k free)

vm_info: OpenJDK 64-Bit Server VM (25.152-b01) for windows-amd64 JRE (1.8.0_152-release-915-b01), built by "builder" with MS VC++ 10.0 (VS2010)

time: Thu Feb 01 17:06:26 2018
elapsed time: 959 seconds (0d 0h 15m 59s)

