#
# There is insufficient memory for the Java Runtime Environment to continue.
# Native memory allocation (malloc) failed to allocate 1064176 bytes for Chunk::new
# Possible reasons:
#   The system is out of physical RAM or swap space
#   In 32 bit mode, the process size limit was hit
# Possible solutions:
#   Reduce memory load on the system
#   Increase physical memory or swap space
#   Check if swap backing store is full
#   Use 64 bit Java on a 64 bit OS
#   Decrease Java heap size (-Xmx/-Xms)
#   Decrease number of Java threads
#   Decrease Java thread stack sizes (-Xss)
#   Set larger code cache with -XX:ReservedCodeCacheSize=
# This output file may be truncated or incomplete.
#
#  Out of Memory Error (allocation.cpp:390), pid=11976, tid=0x0000000000002570
#
# JRE version: OpenJDK Runtime Environment (8.0_152-b01) (build 1.8.0_152-release-915-b01)
# Java VM: OpenJDK 64-Bit Server VM (25.152-b01 mixed mode windows-amd64 compressed oops)
# Failed to write core dump. Minidumps are not enabled by default on client versions of Windows
#

---------------  T H R E A D  ---------------

Current thread (0x0000000017e35000):  JavaThread "C2 CompilerThread0" daemon [_thread_in_native, id=9584, stack(0x00000000194b0000,0x00000000195b0000)]

Stack: [0x00000000194b0000,0x00000000195b0000]
[error occurred during error reporting (printing stack bounds), id 0xc0000005]

Native frames: (J=compiled Java code, j=interpreted, Vv=VM code, C=native code)


Current CompileTask:
C2:  52127 12753       4       org.gradle.model.internal.type.ModelType::wrap (219 bytes)


---------------  P R O C E S S  ---------------

Java Threads: ( => current thread )
  0x000000001b3de000 JavaThread "ForkJoinPool.commonPool-worker-4" daemon [_thread_blocked, id=6804, stack(0x0000000025e40000,0x0000000025f40000)]
  0x000000001fcb5000 JavaThread "ForkJoinPool.commonPool-worker-7" daemon [_thread_blocked, id=9612, stack(0x0000000025d40000,0x0000000025e40000)]
  0x000000001fcb7000 JavaThread "ForkJoinPool.commonPool-worker-5" daemon [_thread_blocked, id=5084, stack(0x0000000025c40000,0x0000000025d40000)]
  0x000000001fcb3800 JavaThread "ForkJoinPool.commonPool-worker-3" daemon [_thread_blocked, id=11140, stack(0x0000000025a40000,0x0000000025b40000)]
  0x000000001fcaf800 JavaThread "Cache worker for task history cache (D:\ASHu\Work\Progs\Andorid\Project\CrossFit_Rekord\.gradle\4.1\taskHistory)" [_thread_blocked, id=13860, stack(0x0000000024780000,0x0000000024880000)]
  0x000000001fcac000 JavaThread "Cache worker for file content cache (D:\ASHu\Work\Progs\Andorid\Project\CrossFit_Rekord\.gradle\4.1\fileContent)" [_thread_blocked, id=14788, stack(0x00000000232a0000,0x00000000233a0000)]
  0x000000001b3dd800 JavaThread "Memory manager" [_thread_blocked, id=13180, stack(0x00000000227a0000,0x00000000228a0000)]
  0x000000001b3dc800 JavaThread "build operations Thread 4" [_thread_blocked, id=10384, stack(0x0000000022190000,0x0000000022290000)]
  0x000000001b3df000 JavaThread "build operations Thread 3" [_thread_blocked, id=10440, stack(0x0000000022090000,0x0000000022190000)]
  0x000000001b3dc000 JavaThread "build operations Thread 2" [_thread_blocked, id=6988, stack(0x0000000021f90000,0x0000000022090000)]
  0x000000001b3db000 JavaThread "build operations" [_thread_blocked, id=8532, stack(0x0000000020500000,0x0000000020600000)]
  0x000000001b3d9000 JavaThread "Cache worker for Artifact transforms cache (C:\Users\Liza\.gradle\caches\transforms-1)" [_thread_blocked, id=1416, stack(0x000000001f160000,0x000000001f260000)]
  0x000000001b36f000 JavaThread "Cache worker for file hash cache (D:\ASHu\Work\Progs\Andorid\Project\CrossFit_Rekord\.gradle\4.1\fileHashes)" [_thread_blocked, id=76, stack(0x000000001dc90000,0x000000001dd90000)]
  0x000000001adf3000 JavaThread "File lock request listener" [_thread_in_native, id=15304, stack(0x000000001c9c0000,0x000000001cac0000)]
  0x000000001ae6e000 JavaThread "Cache worker for file hash cache (C:\Users\Liza\.gradle\caches\4.1\fileHashes)" [_thread_blocked, id=8416, stack(0x000000001c8c0000,0x000000001c9c0000)]
  0x000000001ad99800 JavaThread "Stdin handler" [_thread_blocked, id=15220, stack(0x000000001c7c0000,0x000000001c8c0000)]
  0x000000001b22c800 JavaThread "Asynchronous log dispatcher for DefaultDaemonConnection: socket connection from /127.0.0.1:62636 to /127.0.0.1:62637" [_thread_blocked, id=11152, stack(0x000000001c6c0000,0x000000001c7c0000)]
  0x000000001ada2000 JavaThread "Daemon worker" [_thread_in_Java, id=12684, stack(0x000000001c5c0000,0x000000001c6c0000)]
  0x000000001ada1800 JavaThread "Cancel handler" [_thread_blocked, id=3620, stack(0x000000001c4c0000,0x000000001c5c0000)]
  0x000000001b1ca800 JavaThread "Handler for socket connection from /127.0.0.1:62636 to /127.0.0.1:62637" [_thread_in_native, id=11280, stack(0x000000001c1c0000,0x000000001c2c0000)]
  0x000000001b1c9800 JavaThread "Daemon" [_thread_blocked, id=4296, stack(0x000000001c0c0000,0x000000001c1c0000)]
  0x000000001b1c9000 JavaThread "Daemon periodic checks" [_thread_blocked, id=13040, stack(0x000000001bfc0000,0x000000001c0c0000)]
  0x000000001ace4000 JavaThread "Incoming local TCP Connector on port 62636" [_thread_in_native, id=10012, stack(0x000000001bac0000,0x000000001bbc0000)]
  0x00000000197e9000 JavaThread "Service Thread" daemon [_thread_blocked, id=9028, stack(0x0000000019bb0000,0x0000000019cb0000)]
  0x0000000017e3a000 JavaThread "C1 CompilerThread2" daemon [_thread_blocked, id=1200, stack(0x00000000196b0000,0x00000000197b0000)]
  0x0000000017e37000 JavaThread "C2 CompilerThread1" daemon [_thread_in_native, id=14824, stack(0x00000000195b0000,0x00000000196b0000)]
=>0x0000000017e35000 JavaThread "C2 CompilerThread0" daemon [_thread_in_native, id=9584, stack(0x00000000194b0000,0x00000000195b0000)]
  0x0000000017e33000 JavaThread "Attach Listener" daemon [_thread_blocked, id=14324, stack(0x00000000193b0000,0x00000000194b0000)]
  0x0000000017e32000 JavaThread "Signal Dispatcher" daemon [_thread_blocked, id=2988, stack(0x00000000192b0000,0x00000000193b0000)]
  0x0000000017e1e000 JavaThread "Finalizer" daemon [_thread_blocked, id=2548, stack(0x00000000190b0000,0x00000000191b0000)]
  0x0000000017df7800 JavaThread "Reference Handler" daemon [_thread_blocked, id=10116, stack(0x0000000018fb0000,0x00000000190b0000)]
  0x000000000291e800 JavaThread "main" [_thread_blocked, id=1796, stack(0x00000000042c0000,0x00000000043c0000)]

Other Threads:
  0x0000000017df5800 VMThread [stack: 0x0000000018eb0000,0x0000000018fb0000] [id=10712]
  0x00000000197e9800 WatcherThread [stack: 0x0000000019cb0000,0x0000000019db0000] [id=7064]

VM state:not at safepoint (normal execution)

VM Mutex/Monitor currently owned by a thread: None

Heap:
 PSYoungGen      total 321536K, used 203460K [0x00000000e0000000, 0x00000000fdc80000, 0x0000000100000000)
  eden space 236032K, 86% used [0x00000000e0000000,0x00000000ec6b12c0,0x00000000ee680000)
  from space 85504K, 0% used [0x00000000ee680000,0x00000000ee680000,0x00000000f3a00000)
  to   space 94208K, 0% used [0x00000000f8080000,0x00000000f8080000,0x00000000fdc80000)
 ParOldGen       total 152576K, used 40941K [0x00000000a0000000, 0x00000000a9500000, 0x00000000e0000000)
  object space 152576K, 26% used [0x00000000a0000000,0x00000000a27fb568,0x00000000a9500000)
 Metaspace       used 62767K, capacity 65038K, committed 65300K, reserved 1105920K
  class space    used 8197K, capacity 8696K, committed 8764K, reserved 1048576K

Card table byte_map: [0x0000000013880000,0x0000000013b90000] byte_map_base: 0x0000000013380000

Marking Bits: (ParMarkBitMap*) 0x000000006d6a3950
 Begin Bits: [0x0000000014190000, 0x0000000015990000)
 End Bits:   [0x0000000015990000, 0x0000000017190000)

Polling page: 0x0000000002440000

CodeCache: size=245760Kb used=34496Kb max_used=35299Kb free=211263Kb
 bounds [0x00000000044c0000, 0x0000000006770000, 0x00000000134c0000]
 total_blobs=11129 nmethods=10350 adapters=692
 compilation: enabled

Compilation events (10 events):
Event: 52.109 Thread 0x0000000017e3a000 nmethod 12808 0x000000000601cdd0 code [0x000000000601cf80, 0x000000000601d668]
Event: 52.109 Thread 0x0000000017e3a000 12809       3       org.gradle.internal.serialize.ExceptionReplacingObjectOutputStream::doReplaceObject (25 bytes)
Event: 52.109 Thread 0x0000000017e3a000 nmethod 12809 0x000000000601c490 code [0x000000000601c640, 0x000000000601cbf8]
Event: 52.111 Thread 0x0000000017e3a000 12810       3       java.io.ObjectStreamClass::access$1700 (8 bytes)
Event: 52.111 Thread 0x0000000017e3a000 nmethod 12810 0x0000000006682f50 code [0x00000000066830c0, 0x0000000006683228]
Event: 52.111 Thread 0x0000000017e3a000 12811   !   3       java.io.ObjectStreamClass::getPrivateMethod (56 bytes)
Event: 52.112 Thread 0x0000000017e3a000 nmethod 12811 0x000000000601b990 code [0x000000000601bb40, 0x000000000601c1e8]
Event: 52.116 Thread 0x0000000017e3a000 12812       3       java.io.ObjectStreamField::compareTo (40 bytes)
Event: 52.117 Thread 0x0000000017e3a000 nmethod 12812 0x000000000601a810 code [0x000000000601aa00, 0x000000000601b428]
Event: 52.119 Thread 0x0000000017e3a000 12813       3       sun.reflect.ClassFileAssembler::opc_sipush (16 bytes)

GC Heap History (10 events):
Event: 43.983 GC heap before
{Heap before GC invocations=25 (full 3):
 PSYoungGen      total 246272K, used 246246K [0x00000000e0000000, 0x00000000f7f00000, 0x0000000100000000)
  eden space 193024K, 100% used [0x00000000e0000000,0x00000000ebc80000,0x00000000ebc80000)
  from space 53248K, 99% used [0x00000000ebc80000,0x00000000ef079b80,0x00000000ef080000)
  to   space 70656K, 0% used [0x00000000f3a00000,0x00000000f3a00000,0x00000000f7f00000)
 ParOldGen       total 152576K, used 99624K [0x00000000a0000000, 0x00000000a9500000, 0x00000000e0000000)
  object space 152576K, 65% used [0x00000000a0000000,0x00000000a614a0a8,0x00000000a9500000)
 Metaspace       used 60107K, capacity 61978K, committed 62356K, reserved 1103872K
  class space    used 7800K, capacity 8274K, committed 8380K, reserved 1048576K
Event: 44.027 GC heap after
Heap after GC invocations=25 (full 3):
 PSYoungGen      total 306688K, used 70644K [0x00000000e0000000, 0x00000000f9a00000, 0x0000000100000000)
  eden space 236032K, 0% used [0x00000000e0000000,0x00000000e0000000,0x00000000ee680000)
  from space 70656K, 99% used [0x00000000f3a00000,0x00000000f7efd1e8,0x00000000f7f00000)
  to   space 85504K, 0% used [0x00000000ee680000,0x00000000ee680000,0x00000000f3a00000)
 ParOldGen       total 152576K, used 107449K [0x00000000a0000000, 0x00000000a9500000, 0x00000000e0000000)
  object space 152576K, 70% used [0x00000000a0000000,0x00000000a68ee588,0x00000000a9500000)
 Metaspace       used 60107K, capacity 61978K, committed 62356K, reserved 1103872K
  class space    used 7800K, capacity 8274K, committed 8380K, reserved 1048576K
}
Event: 47.111 GC heap before
{Heap before GC invocations=26 (full 3):
 PSYoungGen      total 306688K, used 305214K [0x00000000e0000000, 0x00000000f9a00000, 0x0000000100000000)
  eden space 236032K, 99% used [0x00000000e0000000,0x00000000ee512a08,0x00000000ee680000)
  from space 70656K, 99% used [0x00000000f3a00000,0x00000000f7efd1e8,0x00000000f7f00000)
  to   space 85504K, 0% used [0x00000000ee680000,0x00000000ee680000,0x00000000f3a00000)
 ParOldGen       total 152576K, used 107449K [0x00000000a0000000, 0x00000000a9500000, 0x00000000e0000000)
  object space 152576K, 70% used [0x00000000a0000000,0x00000000a68ee588,0x00000000a9500000)
 Metaspace       used 61016K, capacity 63094K, committed 63252K, reserved 1103872K
  class space    used 7933K, capacity 8418K, committed 8508K, reserved 1048576K
Event: 47.141 GC heap after
Heap after GC invocations=26 (full 3):
 PSYoungGen      total 321536K, used 81166K [0x00000000e0000000, 0x00000000f9a00000, 0x0000000100000000)
  eden space 236032K, 0% used [0x00000000e0000000,0x00000000e0000000,0x00000000ee680000)
  from space 85504K, 94% used [0x00000000ee680000,0x00000000f35c3a10,0x00000000f3a00000)
  to   space 70656K, 0% used [0x00000000f3a00000,0x00000000f3a00000,0x00000000f7f00000)
 ParOldGen       total 152576K, used 116874K [0x00000000a0000000, 0x00000000a9500000, 0x00000000e0000000)
  object space 152576K, 76% used [0x00000000a0000000,0x00000000a7222a80,0x00000000a9500000)
 Metaspace       used 61016K, capacity 63094K, committed 63252K, reserved 1103872K
  class space    used 7933K, capacity 8418K, committed 8508K, reserved 1048576K
}
Event: 51.599 GC heap before
{Heap before GC invocations=27 (full 3):
 PSYoungGen      total 321536K, used 317067K [0x00000000e0000000, 0x00000000f9a00000, 0x0000000100000000)
  eden space 236032K, 99% used [0x00000000e0000000,0x00000000ee65f590,0x00000000ee680000)
  from space 85504K, 94% used [0x00000000ee680000,0x00000000f35c3a10,0x00000000f3a00000)
  to   space 70656K, 0% used [0x00000000f3a00000,0x00000000f3a00000,0x00000000f7f00000)
 ParOldGen       total 152576K, used 116874K [0x00000000a0000000, 0x00000000a9500000, 0x00000000e0000000)
  object space 152576K, 76% used [0x00000000a0000000,0x00000000a7222a80,0x00000000a9500000)
 Metaspace       used 61560K, capacity 63670K, committed 63764K, reserved 1103872K
  class space    used 7988K, capacity 8482K, committed 8508K, reserved 1048576K
Event: 51.625 GC heap after
Heap after GC invocations=27 (full 3):
 PSYoungGen      total 306688K, used 53514K [0x00000000e0000000, 0x00000000f9a00000, 0x0000000100000000)
  eden space 236032K, 0% used [0x00000000e0000000,0x00000000e0000000,0x00000000ee680000)
  from space 70656K, 75% used [0x00000000f3a00000,0x00000000f6e42920,0x00000000f7f00000)
  to   space 85504K, 0% used [0x00000000ee680000,0x00000000ee680000,0x00000000f3a00000)
 ParOldGen       total 152576K, used 126014K [0x00000000a0000000, 0x00000000a9500000, 0x00000000e0000000)
  object space 152576K, 82% used [0x00000000a0000000,0x00000000a7b0f860,0x00000000a9500000)
 Metaspace       used 61560K, capacity 63670K, committed 63764K, reserved 1103872K
  class space    used 7988K, capacity 8482K, committed 8508K, reserved 1048576K
}
Event: 51.656 GC heap before
{Heap before GC invocations=28 (full 3):
 PSYoungGen      total 306688K, used 289432K [0x00000000e0000000, 0x00000000f9a00000, 0x0000000100000000)
  eden space 236032K, 99% used [0x00000000e0000000,0x00000000ee663778,0x00000000ee680000)
  from space 70656K, 75% used [0x00000000f3a00000,0x00000000f6e42920,0x00000000f7f00000)
  to   space 85504K, 0% used [0x00000000ee680000,0x00000000ee680000,0x00000000f3a00000)
 ParOldGen       total 152576K, used 126014K [0x00000000a0000000, 0x00000000a9500000, 0x00000000e0000000)
  object space 152576K, 82% used [0x00000000a0000000,0x00000000a7b0f860,0x00000000a9500000)
 Metaspace       used 61572K, capacity 63670K, committed 63764K, reserved 1103872K
  class space    used 7988K, capacity 8482K, committed 8508K, reserved 1048576K
Event: 51.675 GC heap after
Heap after GC invocations=28 (full 3):
 PSYoungGen      total 321536K, used 40784K [0x00000000e0000000, 0x00000000fdc80000, 0x0000000100000000)
  eden space 236032K, 0% used [0x00000000e0000000,0x00000000e0000000,0x00000000ee680000)
  from space 85504K, 47% used [0x00000000ee680000,0x00000000f0e540c8,0x00000000f3a00000)
  to   space 94208K, 0% used [0x00000000f8080000,0x00000000f8080000,0x00000000fdc80000)
 ParOldGen       total 152576K, used 146672K [0x00000000a0000000, 0x00000000a9500000, 0x00000000e0000000)
  object space 152576K, 96% used [0x00000000a0000000,0x00000000a8f3c1f8,0x00000000a9500000)
 Metaspace       used 61572K, capacity 63670K, committed 63764K, reserved 1103872K
  class space    used 7988K, capacity 8482K, committed 8508K, reserved 1048576K
}
Event: 51.675 GC heap before
{Heap before GC invocations=29 (full 4):
 PSYoungGen      total 321536K, used 40784K [0x00000000e0000000, 0x00000000fdc80000, 0x0000000100000000)
  eden space 236032K, 0% used [0x00000000e0000000,0x00000000e0000000,0x00000000ee680000)
  from space 85504K, 47% used [0x00000000ee680000,0x00000000f0e540c8,0x00000000f3a00000)
  to   space 94208K, 0% used [0x00000000f8080000,0x00000000f8080000,0x00000000fdc80000)
 ParOldGen       total 152576K, used 146672K [0x00000000a0000000, 0x00000000a9500000, 0x00000000e0000000)
  object space 152576K, 96% used [0x00000000a0000000,0x00000000a8f3c1f8,0x00000000a9500000)
 Metaspace       used 61572K, capacity 63670K, committed 63764K, reserved 1103872K
  class space    used 7988K, capacity 8482K, committed 8508K, reserved 1048576K
Event: 51.791 GC heap after
Heap after GC invocations=29 (full 4):
 PSYoungGen      total 321536K, used 0K [0x00000000e0000000, 0x00000000fdc80000, 0x0000000100000000)
  eden space 236032K, 0% used [0x00000000e0000000,0x00000000e0000000,0x00000000ee680000)
  from space 85504K, 0% used [0x00000000ee680000,0x00000000ee680000,0x00000000f3a00000)
  to   space 94208K, 0% used [0x00000000f8080000,0x00000000f8080000,0x00000000fdc80000)
 ParOldGen       total 152576K, used 40941K [0x00000000a0000000, 0x00000000a9500000, 0x00000000e0000000)
  object space 152576K, 26% used [0x00000000a0000000,0x00000000a27fb568,0x00000000a9500000)
 Metaspace       used 61572K, capacity 63670K, committed 63764K, reserved 1103872K
  class space    used 7988K, capacity 8482K, committed 8508K, reserved 1048576K
}

Deoptimization events (10 events):
Event: 52.079 Thread 0x000000001ada2000 Uncommon trap: reason=unstable_if action=reinterpret pc=0x0000000004794f40 method=java.io.ObjectStreamClass.hasWriteObjectMethod()Z @ 8
Event: 52.079 Thread 0x000000001ada2000 Uncommon trap: reason=bimorphic action=maybe_recompile pc=0x0000000005af4e64 method=java.io.ObjectOutputStream$BlockDataOutputStream.write([BIIZ)V @ 23
Event: 52.080 Thread 0x000000001ada2000 Uncommon trap: reason=class_check action=maybe_recompile pc=0x0000000005b5fd60 method=java.io.ObjectOutputStream.writeNonProxyDesc(Ljava/io/ObjectStreamClass;Z)V @ 44
Event: 52.080 Thread 0x000000001ada2000 Uncommon trap: reason=bimorphic action=maybe_recompile pc=0x0000000005af4e64 method=java.io.ObjectOutputStream$BlockDataOutputStream.write([BIIZ)V @ 23
Event: 52.080 Thread 0x000000001ada2000 Uncommon trap: reason=unstable_if action=reinterpret pc=0x0000000005a6e55c method=java.lang.reflect.Proxy.isProxyClass(Ljava/lang/Class;)Z @ 6
Event: 52.083 Thread 0x000000001ada2000 Uncommon trap: reason=unstable_if action=reinterpret pc=0x0000000005b60cd0 method=java.io.ObjectOutputStream.writeClassDesc(Ljava/io/ObjectStreamClass;Z)V @ 41
Event: 52.083 Thread 0x000000001ada2000 Uncommon trap: reason=unstable_if action=reinterpret pc=0x0000000005343cb8 method=java.lang.reflect.Proxy.isProxyClass(Ljava/lang/Class;)Z @ 6
Event: 52.083 Thread 0x000000001ada2000 Uncommon trap: reason=class_check action=maybe_recompile pc=0x00000000057f8044 method=java.io.ObjectOutputStream.writeNonProxyDesc(Ljava/io/ObjectStreamClass;Z)V @ 44
Event: 52.083 Thread 0x000000001ada2000 Uncommon trap: reason=bimorphic action=maybe_recompile pc=0x0000000005af4e64 method=java.io.ObjectOutputStream$BlockDataOutputStream.write([BIIZ)V @ 23
Event: 52.088 Thread 0x000000001ada2000 Uncommon trap: reason=unstable_if action=reinterpret pc=0x0000000005133bc8 method=java.io.ObjectOutputStream$HandleTable.assign(Ljava/lang/Object;)I @ 24

Classes redefined (0 events):
No events

Internal exceptions (10 events):
Event: 45.845 Thread 0x000000001fcb4000 Implicit null exception at 0x0000000005f4844f to 0x0000000005f486ad
Event: 45.846 Thread 0x000000001fcb4000 Implicit null exception at 0x0000000005dcd450 to 0x0000000005dcd7e5
Event: 46.546 Thread 0x000000001b3da800 Exception <a 'java/lang/NoSuchMethodError': java.lang.Object.lambda$negate$1(Ljava/lang/Object;)Z> (0x00000000eb4371d0) thrown at [D:\src\AOSP-openjdk-cygwin\jdk8u\hotspot\src\share\vm\interpreter\linkResolver.cpp, line 584]
Event: 46.719 Thread 0x000000001ada2000 Exception <a 'java/lang/ClassNotFoundException': org/gradle/api/plugins/JavaPluginConventionBeanInfo> (0x00000000e10f3b88) thrown at [D:\src\AOSP-openjdk-cygwin\jdk8u\hotspot\src\share\vm\classfile\systemDictionary.cpp, line 210]
Event: 46.720 Thread 0x000000001ada2000 Exception <a 'java/lang/ClassNotFoundException': org/gradle/api/plugins/JavaPluginConventionCustomizer> (0x00000000ec3040e0) thrown at [D:\src\AOSP-openjdk-cygwin\jdk8u\hotspot\src\share\vm\classfile\systemDictionary.cpp, line 210]
Event: 46.903 Thread 0x000000001ada2000 Exception <a 'java/lang/NoSuchMethodError': java.lang.Object.lambda$or$2(Ljava/util/function/Predicate;Ljava/lang/Object;)Z> (0x00000000ec580890) thrown at [D:\src\AOSP-openjdk-cygwin\jdk8u\hotspot\src\share\vm\interpreter\linkResolver.cpp, line 584]
Event: 46.911 Thread 0x000000001ada2000 Exception <a 'java/lang/NoSuchMethodError': java.lang.Object.lambda$comparing$ea9a8b3a$1(Ljava/util/Comparator;Ljava/util/function/Function;Ljava/lang/Object;Ljava/lang/Object;)I> (0x00000000ec5d5960) thrown at [D:\src\AOSP-openjdk-cygwin\jdk8u\hotspot\sr
Event: 51.867 Thread 0x000000001fcb5000 Exception <a 'java/io/FileNotFoundException'> (0x00000000eb538e18) thrown at [D:\src\AOSP-openjdk-cygwin\jdk8u\hotspot\src\share\vm\prims\jni.cpp, line 709]
Event: 51.878 Thread 0x000000001ada2000 Exception <a 'java/lang/IncompatibleClassChangeError': Found class java.lang.Object, but interface was expected> (0x00000000eb7eae18) thrown at [D:\src\AOSP-openjdk-cygwin\jdk8u\hotspot\src\share\vm\interpreter\linkResolver.cpp, line 643]
Event: 51.885 Thread 0x000000001ada2000 Implicit null exception at 0x0000000005a11b54 to 0x0000000005a12301

Events (10 events):
Event: 52.094 loading class org/gradle/tooling/internal/provider/serialization/DefaultPayloadClassLoaderRegistry$ClassLoaderSpecVisitor
Event: 52.094 loading class org/gradle/tooling/internal/provider/serialization/DefaultPayloadClassLoaderRegistry$ClassLoaderSpecVisitor done
Event: 52.096 Executing VM operation: BulkRevokeBias
Event: 52.096 Executing VM operation: BulkRevokeBias done
Event: 52.109 loading class com/google/common/collect/ImmutableList$SerializedForm
Event: 52.109 loading class com/google/common/collect/ImmutableList$SerializedForm done
Event: 52.114 loading class com/google/gson/internal/LinkedTreeMap$KeySet
Event: 52.114 loading class com/google/gson/internal/LinkedTreeMap$KeySet done
Event: 52.115 Executing VM operation: RevokeBias
Event: 52.115 Executing VM operation: RevokeBias done


Dynamic libraries:
0x00007ff713870000 - 0x00007ff7138a1000 	C:\Program Files\Android\Android Studio\jre\bin\java.exe
0x00007ffed4a60000 - 0x00007ffed4c40000 	C:\WINDOWS\SYSTEM32\ntdll.dll
0x00007ffed25a0000 - 0x00007ffed264e000 	C:\WINDOWS\System32\KERNEL32.DLL
0x00007ffed1980000 - 0x00007ffed1be6000 	C:\WINDOWS\System32\KERNELBASE.dll
0x00007ffed3cf0000 - 0x00007ffed3d91000 	C:\WINDOWS\System32\ADVAPI32.dll
0x00007ffed20a0000 - 0x00007ffed213d000 	C:\WINDOWS\System32\msvcrt.dll
0x00007ffed2040000 - 0x00007ffed209b000 	C:\WINDOWS\System32\sechost.dll
0x00007ffed2450000 - 0x00007ffed256f000 	C:\WINDOWS\System32\RPCRT4.dll
0x00007ffed3a90000 - 0x00007ffed3c1f000 	C:\WINDOWS\System32\USER32.dll
0x00007ffed1de0000 - 0x00007ffed1e00000 	C:\WINDOWS\System32\win32u.dll
0x00007ffed2570000 - 0x00007ffed2598000 	C:\WINDOWS\System32\GDI32.dll
0x00007ffed1bf0000 - 0x00007ffed1d83000 	C:\WINDOWS\System32\gdi32full.dll
0x00007ffed15b0000 - 0x00007ffed164b000 	C:\WINDOWS\System32\msvcp_win.dll
0x00007ffed1880000 - 0x00007ffed1976000 	C:\WINDOWS\System32\ucrtbase.dll
0x00007ffec4210000 - 0x00007ffec4479000 	C:\WINDOWS\WinSxS\amd64_microsoft.windows.common-controls_6595b64144ccf1df_6.0.16299.125_none_15cbcf8893620c09\COMCTL32.dll
0x00007ffed40f0000 - 0x00007ffed43f8000 	C:\WINDOWS\System32\combase.dll
0x00007ffed1e00000 - 0x00007ffed1e72000 	C:\WINDOWS\System32\bcryptPrimitives.dll
0x00007ffed3e40000 - 0x00007ffed3e6d000 	C:\WINDOWS\System32\IMM32.DLL
0x000000006ce00000 - 0x000000006ced2000 	C:\Program Files\Android\Android Studio\jre\jre\bin\msvcr100.dll
0x000000006cee0000 - 0x000000006d71e000 	C:\Program Files\Android\Android Studio\jre\jre\bin\server\jvm.dll
0x00007ffed3f50000 - 0x00007ffed3f58000 	C:\WINDOWS\System32\PSAPI.DLL
0x00007ffec40a0000 - 0x00007ffec40a9000 	C:\WINDOWS\SYSTEM32\WSOCK32.dll
0x00007ffec2aa0000 - 0x00007ffec2ac3000 	C:\WINDOWS\SYSTEM32\WINMM.dll
0x00007ffecbb60000 - 0x00007ffecbb6a000 	C:\WINDOWS\SYSTEM32\VERSION.dll
0x00007ffed3c80000 - 0x00007ffed3cec000 	C:\WINDOWS\System32\WS2_32.dll
0x00007ffec2930000 - 0x00007ffec295a000 	C:\WINDOWS\SYSTEM32\winmmbase.dll
0x00007ffed1d90000 - 0x00007ffed1dda000 	C:\WINDOWS\System32\cfgmgr32.dll
0x00007ffecdd60000 - 0x00007ffecdd6f000 	C:\Program Files\Android\Android Studio\jre\jre\bin\verify.dll
0x00007ffec67f0000 - 0x00007ffec6819000 	C:\Program Files\Android\Android Studio\jre\jre\bin\java.dll
0x00007ffecdd40000 - 0x00007ffecdd56000 	C:\Program Files\Android\Android Studio\jre\jre\bin\zip.dll
0x00007ffed2650000 - 0x00007ffed3a86000 	C:\WINDOWS\System32\SHELL32.dll
0x00007ffed4040000 - 0x00007ffed40e6000 	C:\WINDOWS\System32\shcore.dll
0x00007ffed0e60000 - 0x00007ffed15a7000 	C:\WINDOWS\System32\windows.storage.dll
0x00007ffed3ef0000 - 0x00007ffed3f41000 	C:\WINDOWS\System32\shlwapi.dll
0x00007ffed0e40000 - 0x00007ffed0e51000 	C:\WINDOWS\System32\kernel.appcore.dll
0x00007ffed0dd0000 - 0x00007ffed0e1c000 	C:\WINDOWS\System32\powrprof.dll
0x00007ffed0db0000 - 0x00007ffed0dcb000 	C:\WINDOWS\System32\profapi.dll
0x00007ffecdcf0000 - 0x00007ffecdd0a000 	C:\Program Files\Android\Android Studio\jre\jre\bin\net.dll
0x00007ffed05e0000 - 0x00007ffed0646000 	C:\WINDOWS\system32\mswsock.dll
0x00007ffecac40000 - 0x00007ffecac51000 	C:\Program Files\Android\Android Studio\jre\jre\bin\nio.dll
0x00007ffec6790000 - 0x00007ffec67ae000 	C:\Users\Liza\.gradle\native\25\windows-amd64\native-platform.dll
0x00007ffecc630000 - 0x00007ffecc63d000 	C:\Program Files\Android\Android Studio\jre\jre\bin\management.dll
0x00007ffed07a0000 - 0x00007ffed07b7000 	C:\WINDOWS\SYSTEM32\CRYPTSP.dll
0x00007ffed01f0000 - 0x00007ffed0223000 	C:\WINDOWS\system32\rsaenh.dll
0x00007ffed08b0000 - 0x00007ffed08d5000 	C:\WINDOWS\SYSTEM32\bcrypt.dll
0x00007ffed0ce0000 - 0x00007ffed0d09000 	C:\WINDOWS\SYSTEM32\USERENV.dll
0x00007ffed07c0000 - 0x00007ffed07cb000 	C:\WINDOWS\SYSTEM32\CRYPTBASE.dll
0x00007ffed0370000 - 0x00007ffed03a9000 	C:\WINDOWS\SYSTEM32\IPHLPAPI.DLL
0x00007ffed4030000 - 0x00007ffed4038000 	C:\WINDOWS\System32\NSI.dll
0x00007ffecbe70000 - 0x00007ffecbe86000 	C:\WINDOWS\SYSTEM32\dhcpcsvc6.DLL
0x00007ffecbd80000 - 0x00007ffecbd9a000 	C:\WINDOWS\SYSTEM32\dhcpcsvc.DLL
0x00007ffecfc20000 - 0x00007ffecfc51000 	C:\WINDOWS\SYSTEM32\ntmarta.dll

VM Arguments:
jvm_args: -Xmx1536m -Dfile.encoding=windows-1251 -Duser.country=RU -Duser.language=ru -Duser.variant 
java_command: org.gradle.launcher.daemon.bootstrap.GradleDaemon 4.1
java_class_path (initial): C:\Users\Liza\.gradle\wrapper\dists\gradle-4.1-all\bzyivzo6n839fup2jbap0tjew\gradle-4.1\lib\gradle-launcher-4.1.jar
Launcher Type: SUN_STANDARD

Environment Variables:
PATH=C:\ProgramData\Oracle\Java\javapath;C:\Program Files (x86)\NVIDIA Corporation\PhysX\Common;C:\Program Files (x86)\VNI\imsl\fnl600\Intel64\lib;C:\Program files\MPICH2\bin;C:\Program Files (x86)\VNI\imsl\fnl600\IA32\lib;C:\Program Files (x86)\Intel\Compiler\11.1\060\lib\Intel64;C:\Program Files (x86)\Intel\Compiler\11.1\060\mkl\em64t\bin;C:\Program Files (x86)\Intel\Compiler\11.1\060\lib\ia32;C:\Program Files (x86)\Intel\iCLS Client\;C:\Program Files\Intel\iCLS Client\;C:\WINDOWS\system32;C:\WINDOWS;C:\WINDOWS\System32\Wbem;C:\WINDOWS\System32\WindowsPowerShell\v1.0\;C:\Program Files (x86)\Intel\OpenCL SDK\2.0\bin\x86;C:\Program Files (x86)\Intel\OpenCL SDK\2.0\bin\x64;C:\Program Files\Intel\Intel(R) Management Engine Components\DAL;C:\Program Files\Intel\Intel(R) Management Engine Components\IPT;C:\Program Files (x86)\Intel\Intel(R) Management Engine Components\DAL;C:\Program Files (x86)\Intel\Intel(R) Management Engine Components\IPT;C:\Program Files\Intel\WiFi\bin\;C:\Program Files\Common Files\Intel\WirelessCommon\;C:\Program Files\MATLAB\R2012b\runtime\win64;C:\Program Files\MATLAB\R2012b\bin;C:\Program Files (x86)\GtkSharp\2.12\bin;C:\Program Files (x86)\Skype\Phone\;C:\Program Files\Git\cmd;C:\Program Files\TortoiseGit\bin;C:\Program Files\PuTTY\;C:\Users\Liza\AppData\Local\Programs\LLNL\VisIt 2.2.2;H;À;C:\Users\Liza\AppData\Local\Microsoft\WindowsApps;
USERNAME=Liza
OS=Windows_NT
PROCESSOR_IDENTIFIER=Intel64 Family 6 Model 58 Stepping 9, GenuineIntel



---------------  S Y S T E M  ---------------

OS: Windows 10.0 , 64 bit Build 16299 (10.0.16299.15)

CPU:total 4 (initial active 4) (2 cores per cpu, 2 threads per core) family 6 model 58 stepping 9, cmov, cx8, fxsr, mmx, sse, sse2, sse3, ssse3, sse4.1, sse4.2, popcnt, avx, aes, clmul, erms, ht, tsc, tscinvbit, tscinv

Memory: 4k page, physical 8240660k(1396092k free), swap 10337812k(5564k free)

vm_info: OpenJDK 64-Bit Server VM (25.152-b01) for windows-amd64 JRE (1.8.0_152-release-915-b01), built by "builder" with MS VC++ 10.0 (VS2010)

time: Thu Feb 01 16:50:01 2018
elapsed time: 52 seconds (0d 0h 0m 52s)

