#
# There is insufficient memory for the Java Runtime Environment to continue.
# Native memory allocation (malloc) failed to allocate 1882096 bytes for Chunk::new
# Possible reasons:
#   The system is out of physical RAM or swap space
#   In 32 bit mode, the process size limit was hit
# Possible solutions:
#   Reduce memory load on the system
#   Increase physical memory or swap space
#   Check if swap backing store is full
#   Use 64 bit Java on a 64 bit OS
#   Decrease Java heap size (-Xmx/-Xms)
#   Decrease number of Java threads
#   Decrease Java thread stack sizes (-Xss)
#   Set larger code cache with -XX:ReservedCodeCacheSize=
# This output file may be truncated or incomplete.
#
#  Out of Memory Error (allocation.cpp:390), pid=12356, tid=0x0000000000003020
#
# JRE version: OpenJDK Runtime Environment (8.0_152-b01) (build 1.8.0_152-release-915-b01)
# Java VM: OpenJDK 64-Bit Server VM (25.152-b01 mixed mode windows-amd64 compressed oops)
# Failed to write core dump. Minidumps are not enabled by default on client versions of Windows
#

---------------  T H R E A D  ---------------

Current thread (0x0000000018726800):  JavaThread "C2 CompilerThread1" daemon [_thread_in_native, id=12320, stack(0x0000000019eb0000,0x0000000019fb0000)]

Stack: [0x0000000019eb0000,0x0000000019fb0000]
[error occurred during error reporting (printing stack bounds), id 0xc0000005]

Native frames: (J=compiled Java code, j=interpreted, Vv=VM code, C=native code)


Current CompileTask:
C2:5236909 15711       4       org.objectweb.asm.ClassReader::a (3351 bytes)


---------------  P R O C E S S  ---------------

Java Threads: ( => current thread )
  0x0000000021437000 JavaThread "ForkJoinPool.commonPool-worker-1" daemon [_thread_in_native, id=15028, stack(0x000000002cc10000,0x000000002cd10000)]
  0x000000002143e000 JavaThread "ForkJoinPool.commonPool-worker-0" daemon [_thread_in_native, id=12408, stack(0x000000002cb10000,0x000000002cc10000)]
  0x0000000021436800 JavaThread "ForkJoinPool.commonPool-worker-3" daemon [_thread_in_vm, id=16220, stack(0x000000002ca10000,0x000000002cb10000)]
  0x000000002143c800 JavaThread "ForkJoinPool.commonPool-worker-2" daemon [_thread_in_native, id=9952, stack(0x000000002c710000,0x000000002c810000)]
  0x0000000021438800 JavaThread "Worker Daemon Execution Thread 2" [_thread_blocked, id=14388, stack(0x000000002c510000,0x000000002c610000)]
  0x000000002143d000 JavaThread "Worker Daemon Execution" [_thread_blocked, id=5896, stack(0x000000002c410000,0x000000002c510000)]
  0x0000000021439800 JavaThread "Cache worker for Java compile cache (D:\ASHu\Work\Progs\Andorid\Project\CrossFit_Rekord\.gradle\4.1\javaCompile)" [_thread_blocked, id=12172, stack(0x000000002c310000,0x000000002c410000)]
  0x000000001eb6d800 JavaThread "Task worker for ':' Thread 3" [_thread_blocked, id=11096, stack(0x000000002b510000,0x000000002b610000)]
  0x000000001eb6c800 JavaThread "Task worker for ':' Thread 2" [_thread_blocked, id=11596, stack(0x000000002b410000,0x000000002b510000)]
  0x000000001eb6f800 JavaThread "Task worker for ':'" [_thread_blocked, id=15940, stack(0x000000002b310000,0x000000002b410000)]
  0x000000001eb72000 JavaThread "Cache worker for task history cache (D:\ASHu\Work\Progs\Andorid\Project\CrossFit_Rekord\.gradle\4.1\taskHistory)" [_thread_blocked, id=13848, stack(0x000000002b210000,0x000000002b310000)]
  0x000000001eb6e000 JavaThread "Cache worker for file content cache (D:\ASHu\Work\Progs\Andorid\Project\CrossFit_Rekord\.gradle\4.1\fileContent)" [_thread_blocked, id=1380, stack(0x000000002b110000,0x000000002b210000)]
  0x000000001fd96800 JavaThread "build operations Thread 4" [_thread_blocked, id=11092, stack(0x000000002b010000,0x000000002b110000)]
  0x000000001fd95000 JavaThread "build operations Thread 3" [_thread_blocked, id=13348, stack(0x000000002af10000,0x000000002b010000)]
  0x000000001fd94000 JavaThread "build operations Thread 2" [_thread_blocked, id=15968, stack(0x000000002ae10000,0x000000002af10000)]
  0x000000001fd98000 JavaThread "build operations" [_thread_blocked, id=10016, stack(0x000000002ad10000,0x000000002ae10000)]
  0x000000001fd93800 JavaThread "Cache worker for Artifact transforms cache (C:\Users\Liza\.gradle\caches\transforms-1)" [_thread_blocked, id=14844, stack(0x000000002ac10000,0x000000002ad10000)]
  0x000000001fd95800 JavaThread "Cache worker for file hash cache (D:\ASHu\Work\Progs\Andorid\Project\CrossFit_Rekord\.gradle\4.1\fileHashes)" [_thread_blocked, id=13100, stack(0x000000002ab10000,0x000000002ac10000)]
  0x000000001fd97000 JavaThread "Stdin handler" [_thread_blocked, id=8240, stack(0x000000002aa10000,0x000000002ab10000)]
  0x000000001fd8c000 JavaThread "Asynchronous log dispatcher for DefaultDaemonConnection: socket connection from /127.0.0.1:61095 to /127.0.0.1:62607" [_thread_blocked, id=11360, stack(0x000000002a910000,0x000000002aa10000)]
  0x000000001fd92000 JavaThread "Daemon worker Thread 3" [_thread_blocked, id=8520, stack(0x000000002a810000,0x000000002a910000)]
  0x000000001fd91000 JavaThread "Cancel handler" [_thread_blocked, id=12296, stack(0x000000002a710000,0x000000002a810000)]
  0x000000001fd8e000 JavaThread "Handler for socket connection from /127.0.0.1:61095 to /127.0.0.1:62607" [_thread_in_native, id=5044, stack(0x000000002a610000,0x000000002a710000)]
  0x000000001fd92800 JavaThread "Daemon Thread 3" [_thread_blocked, id=1312, stack(0x000000002a510000,0x000000002a610000)]
  0x000000001fd8d800 JavaThread "Memory manager" [_thread_blocked, id=6652, stack(0x0000000023160000,0x0000000023260000)]
  0x000000001bbd6800 JavaThread "File lock request listener" [_thread_in_native, id=1484, stack(0x000000001e2c0000,0x000000001e3c0000)]
  0x000000001bbee800 JavaThread "Cache worker for file hash cache (C:\Users\Liza\.gradle\caches\4.1\fileHashes)" [_thread_blocked, id=5452, stack(0x000000001e1c0000,0x000000001e2c0000)]
  0x000000001b82c000 JavaThread "Daemon periodic checks" [_thread_blocked, id=13940, stack(0x000000001d8c0000,0x000000001d9c0000)]
  0x000000001b828800 JavaThread "Incoming local TCP Connector on port 61095" [_thread_in_native, id=13328, stack(0x000000001be80000,0x000000001bf80000)]
  0x000000001877e800 JavaThread "Service Thread" daemon [_thread_blocked, id=11628, stack(0x000000001a4b0000,0x000000001a5b0000)]
  0x0000000018729800 JavaThread "C1 CompilerThread2" daemon [_thread_in_native, id=9968, stack(0x0000000019fb0000,0x000000001a0b0000)]
=>0x0000000018726800 JavaThread "C2 CompilerThread1" daemon [_thread_in_native, id=12320, stack(0x0000000019eb0000,0x0000000019fb0000)]
  0x0000000018724800 JavaThread "C2 CompilerThread0" daemon [_thread_in_native, id=15908, stack(0x0000000019db0000,0x0000000019eb0000)]
  0x0000000018722000 JavaThread "Attach Listener" daemon [_thread_blocked, id=12812, stack(0x0000000019cb0000,0x0000000019db0000)]
  0x0000000018721800 JavaThread "Signal Dispatcher" daemon [_thread_blocked, id=3964, stack(0x0000000019bb0000,0x0000000019cb0000)]
  0x0000000004dae800 JavaThread "Finalizer" daemon [_thread_blocked, id=12384, stack(0x00000000199b0000,0x0000000019ab0000)]
  0x0000000004da5000 JavaThread "Reference Handler" daemon [_thread_blocked, id=4072, stack(0x00000000198b0000,0x00000000199b0000)]
  0x00000000032ee800 JavaThread "main" [_thread_blocked, id=16372, stack(0x0000000004bb0000,0x0000000004cb0000)]

Other Threads:
  0x00000000186e6000 VMThread [stack: 0x00000000197b0000,0x00000000198b0000] [id=796]
  0x000000001a0e3800 WatcherThread [stack: 0x000000001a5b0000,0x000000001a6b0000] [id=14248]

VM state:not at safepoint (normal execution)

VM Mutex/Monitor currently owned by a thread: None

Heap:
 PSYoungGen      total 268800K, used 159727K [0x00000000e0000000, 0x00000000f2b00000, 0x0000000100000000)
  eden space 238592K, 60% used [0x00000000e0000000,0x00000000e8c38a50,0x00000000ee900000)
  from space 30208K, 53% used [0x00000000f0d80000,0x00000000f1d431b0,0x00000000f2b00000)
  to   space 33792K, 0% used [0x00000000ee900000,0x00000000ee900000,0x00000000f0a00000)
 ParOldGen       total 154112K, used 59845K [0x00000000a0000000, 0x00000000a9680000, 0x00000000e0000000)
  object space 154112K, 38% used [0x00000000a0000000,0x00000000a3a71430,0x00000000a9680000)
 Metaspace       used 74619K, capacity 78753K, committed 78936K, reserved 1118208K
  class space    used 9641K, capacity 10613K, committed 10624K, reserved 1048576K

Card table byte_map: [0x0000000014170000,0x0000000014480000] byte_map_base: 0x0000000013c70000

Marking Bits: (ParMarkBitMap*) 0x000000006d6a3950
 Begin Bits: [0x0000000014a80000, 0x0000000016280000)
 End Bits:   [0x0000000016280000, 0x0000000017a80000)

Polling page: 0x00000000032f0000

CodeCache: size=245760Kb used=45972Kb max_used=45972Kb free=199787Kb
 bounds [0x0000000004db0000, 0x0000000007ad0000, 0x0000000013db0000]
 total_blobs=13743 nmethods=12924 adapters=731
 compilation: enabled

Compilation events (10 events):
Event: 5236.201 Thread 0x0000000018729800 15796       3       org.objectweb.asm.ClassVisitor::visitMethod (24 bytes)
Event: 5236.201 Thread 0x0000000018724800 nmethod 15795 0x0000000007ab4790 code [0x0000000007ab48e0, 0x0000000007ab4a28]
Event: 5236.201 Thread 0x0000000018729800 nmethod 15796 0x0000000007abd5d0 code [0x0000000007abd740, 0x0000000007abd9a8]
Event: 5236.201 Thread 0x0000000018724800 15797       4       org.objectweb.asm.MethodWriter::visitInsn (106 bytes)
Event: 5236.201 Thread 0x0000000018729800 15798       3       com.android.build.gradle.internal.incremental.IncrementalSupportVisitor::transformAccessForInstantRun (28 bytes)
Event: 5236.202 Thread 0x0000000018729800 nmethod 15798 0x0000000007abd0d0 code [0x0000000007abd240, 0x0000000007abd530]
Event: 5236.202 Thread 0x0000000018729800 15799       3       org.objectweb.asm.commons.Method::getMethod (6 bytes)
Event: 5236.203 Thread 0x0000000018729800 nmethod 15799 0x0000000007aa4590 code [0x0000000007aa4700, 0x0000000007aa4868]
Event: 5236.203 Thread 0x0000000018729800 15800       3       org.objectweb.asm.commons.Method::getMethod (194 bytes)
Event: 5236.205 Thread 0x0000000018729800 nmethod 15800 0x0000000007ac0fd0 code [0x0000000007ac1360, 0x0000000007ac3838]

GC Heap History (10 events):
Event: 5229.332 GC heap before
{Heap before GC invocations=23 (full 3):
 PSYoungGen      total 168448K, used 168096K [0x00000000e0000000, 0x00000000ec600000, 0x0000000100000000)
  eden space 154624K, 100% used [0x00000000e0000000,0x00000000e9700000,0x00000000e9700000)
  from space 13824K, 97% used [0x00000000e9b80000,0x00000000ea8a8058,0x00000000ea900000)
  to   space 24064K, 0% used [0x00000000eae80000,0x00000000eae80000,0x00000000ec600000)
 ParOldGen       total 154112K, used 47316K [0x00000000a0000000, 0x00000000a9680000, 0x00000000e0000000)
  object space 154112K, 30% used [0x00000000a0000000,0x00000000a2e351f0,0x00000000a9680000)
 Metaspace       used 72201K, capacity 75979K, committed 76248K, reserved 1116160K
  class space    used 9333K, capacity 10236K, committed 10240K, reserved 1048576K
Event: 5229.377 GC heap after
Heap after GC invocations=23 (full 3):
 PSYoungGen      total 174080K, used 24059K [0x00000000e0000000, 0x00000000ec880000, 0x0000000100000000)
  eden space 150016K, 0% used [0x00000000e0000000,0x00000000e0000000,0x00000000e9280000)
  from space 24064K, 99% used [0x00000000eae80000,0x00000000ec5fec90,0x00000000ec600000)
  to   space 27648K, 0% used [0x00000000e9280000,0x00000000e9280000,0x00000000ead80000)
 ParOldGen       total 154112K, used 48302K [0x00000000a0000000, 0x00000000a9680000, 0x00000000e0000000)
  object space 154112K, 31% used [0x00000000a0000000,0x00000000a2f2bb20,0x00000000a9680000)
 Metaspace       used 72201K, capacity 75979K, committed 76248K, reserved 1116160K
  class space    used 9333K, capacity 10236K, committed 10240K, reserved 1048576K
}
Event: 5230.197 GC heap before
{Heap before GC invocations=24 (full 3):
 PSYoungGen      total 174080K, used 173078K [0x00000000e0000000, 0x00000000ec880000, 0x0000000100000000)
  eden space 150016K, 99% used [0x00000000e0000000,0x00000000e9186ca0,0x00000000e9280000)
  from space 24064K, 99% used [0x00000000eae80000,0x00000000ec5fec90,0x00000000ec600000)
  to   space 27648K, 0% used [0x00000000e9280000,0x00000000e9280000,0x00000000ead80000)
 ParOldGen       total 154112K, used 48302K [0x00000000a0000000, 0x00000000a9680000, 0x00000000e0000000)
  object space 154112K, 31% used [0x00000000a0000000,0x00000000a2f2bb20,0x00000000a9680000)
 Metaspace       used 73096K, capacity 76923K, committed 77272K, reserved 1116160K
  class space    used 9466K, capacity 10396K, committed 10496K, reserved 1048576K
Event: 5230.228 GC heap after
Heap after GC invocations=24 (full 3):
 PSYoungGen      total 177664K, used 25440K [0x00000000e0000000, 0x00000000eeb00000, 0x0000000100000000)
  eden space 150016K, 0% used [0x00000000e0000000,0x00000000e0000000,0x00000000e9280000)
  from space 27648K, 92% used [0x00000000e9280000,0x00000000eab580a8,0x00000000ead80000)
  to   space 30720K, 0% used [0x00000000ecd00000,0x00000000ecd00000,0x00000000eeb00000)
 ParOldGen       total 154112K, used 48310K [0x00000000a0000000, 0x00000000a9680000, 0x00000000e0000000)
  object space 154112K, 31% used [0x00000000a0000000,0x00000000a2f2db20,0x00000000a9680000)
 Metaspace       used 73096K, capacity 76923K, committed 77272K, reserved 1116160K
  class space    used 9466K, capacity 10396K, committed 10496K, reserved 1048576K
}
Event: 5230.251 GC heap before
{Heap before GC invocations=25 (full 3):
 PSYoungGen      total 177664K, used 174696K [0x00000000e0000000, 0x00000000eeb00000, 0x0000000100000000)
  eden space 150016K, 99% used [0x00000000e0000000,0x00000000e91c20c0,0x00000000e9280000)
  from space 27648K, 92% used [0x00000000e9280000,0x00000000eab580a8,0x00000000ead80000)
  to   space 30720K, 0% used [0x00000000ecd00000,0x00000000ecd00000,0x00000000eeb00000)
 ParOldGen       total 154112K, used 48310K [0x00000000a0000000, 0x00000000a9680000, 0x00000000e0000000)
  object space 154112K, 31% used [0x00000000a0000000,0x00000000a2f2db20,0x00000000a9680000)
 Metaspace       used 73108K, capacity 76923K, committed 77272K, reserved 1116160K
  class space    used 9466K, capacity 10396K, committed 10496K, reserved 1048576K
Event: 5230.284 GC heap after
Heap after GC invocations=25 (full 3):
 PSYoungGen      total 207360K, used 24651K [0x00000000e0000000, 0x00000000f0a00000, 0x0000000100000000)
  eden space 176640K, 0% used [0x00000000e0000000,0x00000000e0000000,0x00000000eac80000)
  from space 30720K, 80% used [0x00000000ecd00000,0x00000000ee512ca0,0x00000000eeb00000)
  to   space 33280K, 0% used [0x00000000eac80000,0x00000000eac80000,0x00000000ecd00000)
 ParOldGen       total 154112K, used 48318K [0x00000000a0000000, 0x00000000a9680000, 0x00000000e0000000)
  object space 154112K, 31% used [0x00000000a0000000,0x00000000a2f2fb20,0x00000000a9680000)
 Metaspace       used 73108K, capacity 76923K, committed 77272K, reserved 1116160K
  class space    used 9466K, capacity 10396K, committed 10496K, reserved 1048576K
}
Event: 5232.973 GC heap before
{Heap before GC invocations=26 (full 3):
 PSYoungGen      total 207360K, used 201291K [0x00000000e0000000, 0x00000000f0a00000, 0x0000000100000000)
  eden space 176640K, 100% used [0x00000000e0000000,0x00000000eac80000,0x00000000eac80000)
  from space 30720K, 80% used [0x00000000ecd00000,0x00000000ee512ca0,0x00000000eeb00000)
  to   space 33280K, 0% used [0x00000000eac80000,0x00000000eac80000,0x00000000ecd00000)
 ParOldGen       total 154112K, used 48318K [0x00000000a0000000, 0x00000000a9680000, 0x00000000e0000000)
  object space 154112K, 31% used [0x00000000a0000000,0x00000000a2f2fb20,0x00000000a9680000)
 Metaspace       used 73663K, capacity 77759K, committed 77912K, reserved 1116160K
  class space    used 9558K, capacity 10518K, committed 10624K, reserved 1048576K
Event: 5233.010 GC heap after
Heap after GC invocations=26 (full 3):
 PSYoungGen      total 209920K, used 27439K [0x00000000e0000000, 0x00000000f3080000, 0x0000000100000000)
  eden space 176640K, 0% used [0x00000000e0000000,0x00000000e0000000,0x00000000eac80000)
  from space 33280K, 82% used [0x00000000eac80000,0x00000000ec74bd30,0x00000000ecd00000)
  to   space 35840K, 0% used [0x00000000f0d80000,0x00000000f0d80000,0x00000000f3080000)
 ParOldGen       total 154112K, used 52887K [0x00000000a0000000, 0x00000000a9680000, 0x00000000e0000000)
  object space 154112K, 34% used [0x00000000a0000000,0x00000000a33a5f20,0x00000000a9680000)
 Metaspace       used 73663K, capacity 77759K, committed 77912K, reserved 1116160K
  class space    used 9558K, capacity 10518K, committed 10624K, reserved 1048576K
}
Event: 5234.332 GC heap before
{Heap before GC invocations=27 (full 3):
 PSYoungGen      total 209920K, used 203346K [0x00000000e0000000, 0x00000000f3080000, 0x0000000100000000)
  eden space 176640K, 99% used [0x00000000e0000000,0x00000000eabc8e48,0x00000000eac80000)
  from space 33280K, 82% used [0x00000000eac80000,0x00000000ec74bd30,0x00000000ecd00000)
  to   space 35840K, 0% used [0x00000000f0d80000,0x00000000f0d80000,0x00000000f3080000)
 ParOldGen       total 154112K, used 52887K [0x00000000a0000000, 0x00000000a9680000, 0x00000000e0000000)
  object space 154112K, 34% used [0x00000000a0000000,0x00000000a33a5f20,0x00000000a9680000)
 Metaspace       used 73779K, capacity 77827K, committed 78168K, reserved 1116160K
  class space    used 9567K, capacity 10530K, committed 10624K, reserved 1048576K
Event: 5234.379 GC heap after
Heap after GC invocations=27 (full 3):
 PSYoungGen      total 268800K, used 16140K [0x00000000e0000000, 0x00000000f2b00000, 0x0000000100000000)
  eden space 238592K, 0% used [0x00000000e0000000,0x00000000e0000000,0x00000000ee900000)
  from space 30208K, 53% used [0x00000000f0d80000,0x00000000f1d431b0,0x00000000f2b00000)
  to   space 33792K, 0% used [0x00000000ee900000,0x00000000ee900000,0x00000000f0a00000)
 ParOldGen       total 154112K, used 59845K [0x00000000a0000000, 0x00000000a9680000, 0x00000000e0000000)
  object space 154112K, 38% used [0x00000000a0000000,0x00000000a3a71430,0x00000000a9680000)
 Metaspace       used 73779K, capacity 77827K, committed 78168K, reserved 1116160K
  class space    used 9567K, capacity 10530K, committed 10624K, reserved 1048576K
}

Deoptimization events (10 events):
Event: 5233.872 Thread 0x000000001eb6f800 Uncommon trap: reason=class_check action=maybe_recompile pc=0x00000000071c1a94 method=java.util.function.Predicate.lambda$and$0(Ljava/util/function/Predicate;Ljava/lang/Object;)Z @ 2
Event: 5233.872 Thread 0x000000001eb6f800 Uncommon trap: reason=class_check action=maybe_recompile pc=0x00000000071c1a94 method=java.util.function.Predicate.lambda$and$0(Ljava/util/function/Predicate;Ljava/lang/Object;)Z @ 2
Event: 5233.872 Thread 0x000000001eb6f800 Uncommon trap: reason=class_check action=maybe_recompile pc=0x00000000071c1a94 method=java.util.function.Predicate.lambda$and$0(Ljava/util/function/Predicate;Ljava/lang/Object;)Z @ 2
Event: 5233.880 Thread 0x000000001eb6f800 Uncommon trap: reason=unstable_if action=reinterpret pc=0x0000000006954fb8 method=sun.nio.fs.WindowsPathParser.parse(Ljava/lang/String;Z)Lsun/nio/fs/WindowsPathParser$Result; @ 45
Event: 5233.890 Thread 0x000000001eb6f800 Uncommon trap: reason=unstable_if action=reinterpret pc=0x00000000072502d0 method=java.util.function.Predicate.lambda$and$0(Ljava/util/function/Predicate;Ljava/lang/Object;)Z @ 7
Event: 5233.942 Thread 0x000000001eb6f800 Uncommon trap: reason=unstable_if action=reinterpret pc=0x0000000007112938 method=com.android.builder.files.RelativeFile.equals(Ljava/lang/Object;)Z @ 39
Event: 5234.014 Thread 0x000000001eb6f800 Uncommon trap: reason=unstable_if action=reinterpret pc=0x00000000072850d8 method=java.util.function.Predicate.lambda$and$0(Ljava/util/function/Predicate;Ljava/lang/Object;)Z @ 7
Event: 5235.656 Thread 0x000000002143e000 Uncommon trap: reason=unstable_if action=reinterpret pc=0x0000000005dffe84 method=java.util.regex.Matcher.appendReplacement(Ljava/lang/StringBuffer;Ljava/lang/String;)Ljava/util/regex/Matcher; @ 47
Event: 5235.813 Thread 0x000000002143c800 Uncommon trap: reason=unstable_if action=reinterpret pc=0x0000000007997098 method=org.objectweb.asm.ClassReader.a(II[C)Ljava/lang/String; @ 77
Event: 5235.813 Thread 0x000000002143c800 Uncommon trap: reason=unstable_if action=reinterpret pc=0x00000000079962fc method=org.objectweb.asm.ClassReader.a(II[C)Ljava/lang/String; @ 77

Classes redefined (0 events):
No events

Internal exceptions (10 events):
Event: 5229.313 Thread 0x000000001eb6f800 Exception <a 'java/lang/NoSuchMethodError': <clinit>> (0x00000000e93bd1c0) thrown at [D:\src\AOSP-openjdk-cygwin\jdk8u\hotspot\src\share\vm\prims\jni.cpp, line 1613]
Event: 5229.395 Thread 0x0000000021438800 Exception <a 'sun/nio/fs/WindowsException'> (0x00000000e01ac120) thrown at [D:\src\AOSP-openjdk-cygwin\jdk8u\hotspot\src\share\vm\prims\jni.cpp, line 709]
Event: 5229.414 Thread 0x000000002143d000 Exception <a 'sun/nio/fs/WindowsException'> (0x00000000e01e4bc0) thrown at [D:\src\AOSP-openjdk-cygwin\jdk8u\hotspot\src\share\vm\prims\jni.cpp, line 709]
Event: 5229.414 Thread 0x0000000021438800 Exception <a 'sun/nio/fs/WindowsException'> (0x00000000e01ac9e0) thrown at [D:\src\AOSP-openjdk-cygwin\jdk8u\hotspot\src\share\vm\prims\jni.cpp, line 709]
Event: 5229.868 Thread 0x000000002143c800 Exception <a 'java/lang/NoSuchMethodError': java.lang.Object.lambda$comparing$ea9a8b3a$1(Ljava/util/Comparator;Ljava/util/function/Function;Ljava/lang/Object;Ljava/lang/Object;)I> (0x00000000e088a340) thrown at [D:\src\AOSP-openjdk-cygwin\jdk8u\hotspot\sr
Event: 5230.101 Thread 0x000000002143c800 Exception <a 'java/lang/NoSuchMethodError': java.lang.Object.lambda$or$2(Ljava/util/function/Predicate;Ljava/lang/Object;)Z> (0x00000000e0bfa870) thrown at [D:\src\AOSP-openjdk-cygwin\jdk8u\hotspot\src\share\vm\interpreter\linkResolver.cpp, line 584]
Event: 5230.369 Thread 0x000000002143c800 Exception <a 'java/io/FileNotFoundException'> (0x00000000e2bf97e8) thrown at [D:\src\AOSP-openjdk-cygwin\jdk8u\hotspot\src\share\vm\prims\jni.cpp, line 709]
Event: 5231.569 Thread 0x000000001eb6f800 Exception <a 'java/lang/NoSuchMethodError': <clinit>> (0x00000000e39ed710) thrown at [D:\src\AOSP-openjdk-cygwin\jdk8u\hotspot\src\share\vm\prims\jni.cpp, line 1613]
Event: 5231.761 Thread 0x000000001eb6f800 Exception <a 'java/lang/NoSuchMethodError': java.lang.Object.lambda$asRunnable$0(Lcom/android/apkzlib/utils/IOExceptionRunnable;)V> (0x00000000e3cf40b0) thrown at [D:\src\AOSP-openjdk-cygwin\jdk8u\hotspot\src\share\vm\interpreter\linkResolver.cpp, line 58
Event: 5231.781 Thread 0x000000001eb6f800 Exception <a 'java/lang/NoSuchMethodError': java.lang.Object.lambda$and$0(Ljava/util/function/Predicate;Ljava/lang/Object;)Z> (0x00000000e3f02748) thrown at [D:\src\AOSP-openjdk-cygwin\jdk8u\hotspot\src\share\vm\interpreter\linkResolver.cpp, line 584]

Events (10 events):
Event: 5235.750 Executing VM operation: RevokeBias
Event: 5235.750 Executing VM operation: RevokeBias done
Event: 5235.750 Executing VM operation: RevokeBias
Event: 5235.750 Executing VM operation: RevokeBias done
Event: 5235.813 Thread 0x000000002143c800 Uncommon trap: trap_request=0xffffff65 fr.pc=0x0000000007997098
Event: 5235.813 Thread 0x000000002143c800 DEOPT PACKING pc=0x0000000007997098 sp=0x000000002c80ea60
Event: 5235.813 Thread 0x000000002143c800 DEOPT UNPACKING pc=0x0000000004df556a sp=0x000000002c80e990 mode 2
Event: 5235.813 Thread 0x000000002143c800 Uncommon trap: trap_request=0xffffff65 fr.pc=0x00000000079962fc
Event: 5235.813 Thread 0x000000002143c800 DEOPT PACKING pc=0x00000000079962fc sp=0x000000002c80e9e0
Event: 5235.813 Thread 0x000000002143c800 DEOPT UNPACKING pc=0x0000000004df556a sp=0x000000002c80e990 mode 2


Dynamic libraries:
0x00007ff713870000 - 0x00007ff7138a1000 	C:\Program Files\Android\Android Studio\jre\bin\java.exe
0x00007ffed4a60000 - 0x00007ffed4c40000 	C:\WINDOWS\SYSTEM32\ntdll.dll
0x00007ffed25a0000 - 0x00007ffed264e000 	C:\WINDOWS\System32\KERNEL32.DLL
0x00007ffed1980000 - 0x00007ffed1be6000 	C:\WINDOWS\System32\KERNELBASE.dll
0x00007ffed3cf0000 - 0x00007ffed3d91000 	C:\WINDOWS\System32\ADVAPI32.dll
0x00007ffed20a0000 - 0x00007ffed213d000 	C:\WINDOWS\System32\msvcrt.dll
0x00007ffed2040000 - 0x00007ffed209b000 	C:\WINDOWS\System32\sechost.dll
0x00007ffed2450000 - 0x00007ffed256f000 	C:\WINDOWS\System32\RPCRT4.dll
0x00007ffed3a90000 - 0x00007ffed3c1f000 	C:\WINDOWS\System32\USER32.dll
0x00007ffed1de0000 - 0x00007ffed1e00000 	C:\WINDOWS\System32\win32u.dll
0x00007ffed2570000 - 0x00007ffed2598000 	C:\WINDOWS\System32\GDI32.dll
0x00007ffed1bf0000 - 0x00007ffed1d83000 	C:\WINDOWS\System32\gdi32full.dll
0x00007ffed15b0000 - 0x00007ffed164b000 	C:\WINDOWS\System32\msvcp_win.dll
0x00007ffed1880000 - 0x00007ffed1976000 	C:\WINDOWS\System32\ucrtbase.dll
0x00007ffec4210000 - 0x00007ffec4479000 	C:\WINDOWS\WinSxS\amd64_microsoft.windows.common-controls_6595b64144ccf1df_6.0.16299.125_none_15cbcf8893620c09\COMCTL32.dll
0x00007ffed40f0000 - 0x00007ffed43f8000 	C:\WINDOWS\System32\combase.dll
0x00007ffed1e00000 - 0x00007ffed1e72000 	C:\WINDOWS\System32\bcryptPrimitives.dll
0x00007ffed3e40000 - 0x00007ffed3e6d000 	C:\WINDOWS\System32\IMM32.DLL
0x000000006ce00000 - 0x000000006ced2000 	C:\Program Files\Android\Android Studio\jre\jre\bin\msvcr100.dll
0x000000006cee0000 - 0x000000006d71e000 	C:\Program Files\Android\Android Studio\jre\jre\bin\server\jvm.dll
0x00007ffed3f50000 - 0x00007ffed3f58000 	C:\WINDOWS\System32\PSAPI.DLL
0x00007ffec40a0000 - 0x00007ffec40a9000 	C:\WINDOWS\SYSTEM32\WSOCK32.dll
0x00007ffecbb60000 - 0x00007ffecbb6a000 	C:\WINDOWS\SYSTEM32\VERSION.dll
0x00007ffec2aa0000 - 0x00007ffec2ac3000 	C:\WINDOWS\SYSTEM32\WINMM.dll
0x00007ffed3c80000 - 0x00007ffed3cec000 	C:\WINDOWS\System32\WS2_32.dll
0x00007ffec2930000 - 0x00007ffec295a000 	C:\WINDOWS\SYSTEM32\WINMMBASE.dll
0x00007ffed1d90000 - 0x00007ffed1dda000 	C:\WINDOWS\System32\cfgmgr32.dll
0x00007ffecdd60000 - 0x00007ffecdd6f000 	C:\Program Files\Android\Android Studio\jre\jre\bin\verify.dll
0x00007ffec67f0000 - 0x00007ffec6819000 	C:\Program Files\Android\Android Studio\jre\jre\bin\java.dll
0x00007ffecdd40000 - 0x00007ffecdd56000 	C:\Program Files\Android\Android Studio\jre\jre\bin\zip.dll
0x00007ffed2650000 - 0x00007ffed3a86000 	C:\WINDOWS\System32\SHELL32.dll
0x00007ffed4040000 - 0x00007ffed40e6000 	C:\WINDOWS\System32\shcore.dll
0x00007ffed0e60000 - 0x00007ffed15a7000 	C:\WINDOWS\System32\windows.storage.dll
0x00007ffed3ef0000 - 0x00007ffed3f41000 	C:\WINDOWS\System32\shlwapi.dll
0x00007ffed0e40000 - 0x00007ffed0e51000 	C:\WINDOWS\System32\kernel.appcore.dll
0x00007ffed0dd0000 - 0x00007ffed0e1c000 	C:\WINDOWS\System32\powrprof.dll
0x00007ffed0db0000 - 0x00007ffed0dcb000 	C:\WINDOWS\System32\profapi.dll
0x00007ffecdcf0000 - 0x00007ffecdd0a000 	C:\Program Files\Android\Android Studio\jre\jre\bin\net.dll
0x00007ffed05e0000 - 0x00007ffed0646000 	C:\WINDOWS\system32\mswsock.dll
0x00007ffecac40000 - 0x00007ffecac51000 	C:\Program Files\Android\Android Studio\jre\jre\bin\nio.dll
0x00007ffec6790000 - 0x00007ffec67ae000 	C:\Users\Liza\.gradle\native\25\windows-amd64\native-platform.dll
0x00007ffecc630000 - 0x00007ffecc63d000 	C:\Program Files\Android\Android Studio\jre\jre\bin\management.dll
0x00007ffed07a0000 - 0x00007ffed07b7000 	C:\WINDOWS\SYSTEM32\CRYPTSP.dll
0x00007ffed01f0000 - 0x00007ffed0223000 	C:\WINDOWS\system32\rsaenh.dll
0x00007ffed08b0000 - 0x00007ffed08d5000 	C:\WINDOWS\SYSTEM32\bcrypt.dll
0x00007ffed0ce0000 - 0x00007ffed0d09000 	C:\WINDOWS\SYSTEM32\USERENV.dll
0x00007ffed07c0000 - 0x00007ffed07cb000 	C:\WINDOWS\SYSTEM32\CRYPTBASE.dll
0x00007ffed0370000 - 0x00007ffed03a9000 	C:\WINDOWS\SYSTEM32\IPHLPAPI.DLL
0x00007ffed4030000 - 0x00007ffed4038000 	C:\WINDOWS\System32\NSI.dll
0x00007ffecbe70000 - 0x00007ffecbe86000 	C:\WINDOWS\SYSTEM32\dhcpcsvc6.DLL
0x00007ffecbd80000 - 0x00007ffecbd9a000 	C:\WINDOWS\SYSTEM32\dhcpcsvc.DLL
0x00007ffecfc20000 - 0x00007ffecfc51000 	C:\WINDOWS\SYSTEM32\ntmarta.dll

VM Arguments:
jvm_args: -Xmx1536m -Dfile.encoding=windows-1251 -Duser.country=RU -Duser.language=ru -Duser.variant 
java_command: org.gradle.launcher.daemon.bootstrap.GradleDaemon 4.1
java_class_path (initial): C:\Users\Liza\.gradle\wrapper\dists\gradle-4.1-all\bzyivzo6n839fup2jbap0tjew\gradle-4.1\lib\gradle-launcher-4.1.jar
Launcher Type: SUN_STANDARD

Environment Variables:
PATH=C:\ProgramData\Oracle\Java\javapath;C:\Program Files (x86)\NVIDIA Corporation\PhysX\Common;C:\Program Files (x86)\VNI\imsl\fnl600\Intel64\lib;C:\Program files\MPICH2\bin;C:\Program Files (x86)\VNI\imsl\fnl600\IA32\lib;C:\Program Files (x86)\Intel\Compiler\11.1\060\lib\Intel64;C:\Program Files (x86)\Intel\Compiler\11.1\060\mkl\em64t\bin;C:\Program Files (x86)\Intel\Compiler\11.1\060\lib\ia32;C:\Program Files (x86)\Intel\iCLS Client\;C:\Program Files\Intel\iCLS Client\;C:\WINDOWS\system32;C:\WINDOWS;C:\WINDOWS\System32\Wbem;C:\WINDOWS\System32\WindowsPowerShell\v1.0\;C:\Program Files (x86)\Intel\OpenCL SDK\2.0\bin\x86;C:\Program Files (x86)\Intel\OpenCL SDK\2.0\bin\x64;C:\Program Files\Intel\Intel(R) Management Engine Components\DAL;C:\Program Files\Intel\Intel(R) Management Engine Components\IPT;C:\Program Files (x86)\Intel\Intel(R) Management Engine Components\DAL;C:\Program Files (x86)\Intel\Intel(R) Management Engine Components\IPT;C:\Program Files\Intel\WiFi\bin\;C:\Program Files\Common Files\Intel\WirelessCommon\;C:\Program Files\MATLAB\R2012b\runtime\win64;C:\Program Files\MATLAB\R2012b\bin;C:\Program Files (x86)\GtkSharp\2.12\bin;C:\Program Files (x86)\Skype\Phone\;C:\Program Files\Git\cmd;C:\Program Files\TortoiseGit\bin;C:\Program Files\PuTTY\;C:\Users\Liza\AppData\Local\Programs\LLNL\VisIt 2.2.2;H;À;C:\Users\Liza\AppData\Local\Microsoft\WindowsApps;
USERNAME=Liza
OS=Windows_NT
PROCESSOR_IDENTIFIER=Intel64 Family 6 Model 58 Stepping 9, GenuineIntel



---------------  S Y S T E M  ---------------

OS: Windows 10.0 , 64 bit Build 16299 (10.0.16299.15)

CPU:total 4 (initial active 4) (2 cores per cpu, 2 threads per core) family 6 model 58 stepping 9, cmov, cx8, fxsr, mmx, sse, sse2, sse3, ssse3, sse4.1, sse4.2, popcnt, avx, aes, clmul, erms, ht, tsc, tscinvbit, tscinv

Memory: 4k page, physical 8240660k(1462280k free), swap 10337812k(2208k free)

vm_info: OpenJDK 64-Bit Server VM (25.152-b01) for windows-amd64 JRE (1.8.0_152-release-915-b01), built by "builder" with MS VC++ 10.0 (VS2010)

time: Thu Feb 01 16:48:55 2018
elapsed time: 5236 seconds (0d 1h 27m 16s)

